{"C:\\Users\\carlo\\OneDrive\\Escritorio\\triploop\\src\\lib\\admin-guard.ts": {"path":"C:\\Users\\carlo\\OneDrive\\Escritorio\\triploop\\src\\lib\\admin-guard.ts","statementMap":{"0":{"start":{"line":7,"column":20},"end":{"line":7,"column":null}},"1":{"start":{"line":8,"column":23},"end":{"line":8,"column":null}},"2":{"start":{"line":11,"column":2},"end":{"line":11,"column":null}},"3":{"start":{"line":15,"column":14},"end":{"line":15,"column":null}},"4":{"start":{"line":16,"column":18},"end":{"line":16,"column":null}},"5":{"start":{"line":17,"column":14},"end":{"line":17,"column":null}},"6":{"start":{"line":18,"column":2},"end":{"line":18,"column":null}},"7":{"start":{"line":22,"column":2},"end":{"line":22,"column":null}},"8":{"start":{"line":22,"column":13},"end":{"line":22,"column":null}},"9":{"start":{"line":23,"column":16},"end":{"line":23,"column":null}},"10":{"start":{"line":24,"column":2},"end":{"line":24,"column":null}},"11":{"start":{"line":24,"column":25},"end":{"line":24,"column":null}},"12":{"start":{"line":25,"column":32},"end":{"line":25,"column":null}},"13":{"start":{"line":26,"column":2},"end":{"line":26,"column":null}},"14":{"start":{"line":26,"column":25},"end":{"line":26,"column":null}},"15":{"start":{"line":27,"column":14},"end":{"line":27,"column":null}},"16":{"start":{"line":28,"column":2},"end":{"line":28,"column":null}},"17":{"start":{"line":28,"column":50},"end":{"line":28,"column":null}},"18":{"start":{"line":29,"column":19},"end":{"line":29,"column":null}},"19":{"start":{"line":30,"column":2},"end":{"line":32,"column":null}},"20":{"start":{"line":31,"column":4},"end":{"line":31,"column":null}},"21":{"start":{"line":32,"column":12},"end":{"line":32,"column":26}},"22":{"start":{"line":36,"column":8},"end":{"line":36,"column":null}},"23":{"start":{"line":37,"column":8},"end":{"line":37,"column":null}},"24":{"start":{"line":38,"column":2},"end":{"line":38,"column":null}},"25":{"start":{"line":38,"column":16},"end":{"line":38,"column":null}},"26":{"start":{"line":39,"column":2},"end":{"line":39,"column":null}},"27":{"start":{"line":39,"column":37},"end":{"line":39,"column":null}},"28":{"start":{"line":40,"column":2},"end":{"line":42,"column":null}},"29":{"start":{"line":41,"column":4},"end":{"line":41,"column":null}},"30":{"start":{"line":42,"column":12},"end":{"line":42,"column":26}},"31":{"start":{"line":46,"column":16},"end":{"line":46,"column":30}},"32":{"start":{"line":47,"column":16},"end":{"line":47,"column":null}},"33":{"start":{"line":48,"column":2},"end":{"line":48,"column":null}},"34":{"start":{"line":51,"column":33},"end":{"line":51,"column":null}},"35":{"start":{"line":52,"column":36},"end":{"line":52,"column":null}}},"fnMap":{"0":{"name":"secret","decl":{"start":{"line":10,"column":9},"end":{"line":10,"column":17}},"loc":{"start":{"line":10,"column":17},"end":{"line":12,"column":null}},"line":10},"1":{"name":"signAdminToken","decl":{"start":{"line":14,"column":16},"end":{"line":14,"column":32}},"loc":{"start":{"line":14,"column":32},"end":{"line":19,"column":null}},"line":14},"2":{"name":"verifyAdminToken","decl":{"start":{"line":21,"column":16},"end":{"line":21,"column":33}},"loc":{"start":{"line":21,"column":69},"end":{"line":33,"column":null}},"line":21},"3":{"name":"checkPassphrase","decl":{"start":{"line":35,"column":16},"end":{"line":35,"column":32}},"loc":{"start":{"line":35,"column":56},"end":{"line":43,"column":null}},"line":35},"4":{"name":"isAdminAuthed","decl":{"start":{"line":45,"column":22},"end":{"line":45,"column":56}},"loc":{"start":{"line":45,"column":56},"end":{"line":49,"column":null}},"line":45}},"branchMap":{"0":{"loc":{"start":{"line":11,"column":9},"end":{"line":11,"column":null}},"type":"binary-expr","locations":[{"start":{"line":11,"column":9},"end":{"line":11,"column":35}},{"start":{"line":11,"column":35},"end":{"line":11,"column":null}}],"line":11},"1":{"loc":{"start":{"line":22,"column":2},"end":{"line":22,"column":null}},"type":"if","locations":[{"start":{"line":22,"column":2},"end":{"line":22,"column":null}},{"start":{},"end":{}}],"line":22},"2":{"loc":{"start":{"line":24,"column":2},"end":{"line":24,"column":null}},"type":"if","locations":[{"start":{"line":24,"column":2},"end":{"line":24,"column":null}},{"start":{},"end":{}}],"line":24},"3":{"loc":{"start":{"line":26,"column":2},"end":{"line":26,"column":null}},"type":"if","locations":[{"start":{"line":26,"column":2},"end":{"line":26,"column":null}},{"start":{},"end":{}}],"line":26},"4":{"loc":{"start":{"line":28,"column":2},"end":{"line":28,"column":null}},"type":"if","locations":[{"start":{"line":28,"column":2},"end":{"line":28,"column":null}},{"start":{},"end":{}}],"line":28},"5":{"loc":{"start":{"line":28,"column":5},"end":{"line":28,"column":50}},"type":"binary-expr","locations":[{"start":{"line":28,"column":5},"end":{"line":28,"column":13}},{"start":{"line":28,"column":13},"end":{"line":28,"column":50}}],"line":28},"6":{"loc":{"start":{"line":36,"column":20},"end":{"line":36,"column":54}},"type":"binary-expr","locations":[{"start":{"line":36,"column":20},"end":{"line":36,"column":52}},{"start":{"line":36,"column":52},"end":{"line":36,"column":54}}],"line":36},"7":{"loc":{"start":{"line":37,"column":15},"end":{"line":37,"column":26}},"type":"binary-expr","locations":[{"start":{"line":37,"column":15},"end":{"line":37,"column":24}},{"start":{"line":37,"column":24},"end":{"line":37,"column":26}}],"line":37},"8":{"loc":{"start":{"line":38,"column":2},"end":{"line":38,"column":null}},"type":"if","locations":[{"start":{"line":38,"column":2},"end":{"line":38,"column":null}},{"start":{},"end":{}}],"line":38},"9":{"loc":{"start":{"line":39,"column":2},"end":{"line":39,"column":null}},"type":"if","locations":[{"start":{"line":39,"column":2},"end":{"line":39,"column":null}},{"start":{},"end":{}}],"line":39}},"s":{"0":1,"1":1,"2":6,"3":4,"4":4,"5":4,"6":4,"7":9,"8":2,"9":7,"10":7,"11":3,"12":4,"13":4,"14":1,"15":3,"16":3,"17":1,"18":2,"19":2,"20":2,"21":1,"22":8,"23":8,"24":8,"25":1,"26":7,"27":4,"28":3,"29":3,"30":0,"31":0,"32":0,"33":0,"34":1,"35":1},"f":{"0":6,"1":4,"2":9,"3":8,"4":0},"b":{"0":[6,0],"1":[2,7],"2":[3,4],"3":[1,3],"4":[1,2],"5":[3,3],"6":[8,1],"7":[8,1],"8":[1,7],"9":[4,3]},"meta":{"lastBranch":10,"lastFunction":5,"lastStatement":36,"seen":{"s:7:20:7:Infinity":0,"s:8:23:8:Infinity":1,"f:10:9:10:17":0,"s:11:2:11:Infinity":2,"b:11:9:11:35:11:35:11:Infinity":0,"f:14:16:14:32":1,"s:15:14:15:Infinity":3,"s:16:18:16:Infinity":4,"s:17:14:17:Infinity":5,"s:18:2:18:Infinity":6,"f:21:16:21:33":2,"b:22:2:22:Infinity:undefined:undefined:undefined:undefined":1,"s:22:2:22:Infinity":7,"s:22:13:22:Infinity":8,"s:23:16:23:Infinity":9,"b:24:2:24:Infinity:undefined:undefined:undefined:undefined":2,"s:24:2:24:Infinity":10,"s:24:25:24:Infinity":11,"s:25:32:25:Infinity":12,"b:26:2:26:Infinity:undefined:undefined:undefined:undefined":3,"s:26:2:26:Infinity":13,"s:26:25:26:Infinity":14,"s:27:14:27:Infinity":15,"b:28:2:28:Infinity:undefined:undefined:undefined:undefined":4,"s:28:2:28:Infinity":16,"b:28:5:28:13:28:13:28:50":5,"s:28:50:28:Infinity":17,"s:29:19:29:Infinity":18,"s:30:2:32:Infinity":19,"s:31:4:31:Infinity":20,"s:32:12:32:26":21,"f:35:16:35:32":3,"s:36:8:36:Infinity":22,"b:36:20:36:52:36:52:36:54":6,"s:37:8:37:Infinity":23,"b:37:15:37:24:37:24:37:26":7,"b:38:2:38:Infinity:undefined:undefined:undefined:undefined":8,"s:38:2:38:Infinity":24,"s:38:16:38:Infinity":25,"b:39:2:39:Infinity:undefined:undefined:undefined:undefined":9,"s:39:2:39:Infinity":26,"s:39:37:39:Infinity":27,"s:40:2:42:Infinity":28,"s:41:4:41:Infinity":29,"s:42:12:42:26":30,"f:45:22:45:56":4,"s:46:16:46:30":31,"s:47:16:47:Infinity":32,"s:48:2:48:Infinity":33,"s:51:33:51:Infinity":34,"s:52:36:52:Infinity":35},"fnNames":{}}}
,"C:\\Users\\carlo\\OneDrive\\Escritorio\\triploop\\src\\lib\\affiliate.ts": {"path":"C:\\Users\\carlo\\OneDrive\\Escritorio\\triploop\\src\\lib\\affiliate.ts","statementMap":{"0":{"start":{"line":6,"column":20},"end":{"line":6,"column":null}},"1":{"start":{"line":7,"column":20},"end":{"line":7,"column":null}},"2":{"start":{"line":8,"column":17},"end":{"line":8,"column":null}},"3":{"start":{"line":11,"column":2},"end":{"line":11,"column":null}},"4":{"start":{"line":14,"column":31},"end":{"line":14,"column":53}},"5":{"start":{"line":15,"column":35},"end":{"line":15,"column":57}},"6":{"start":{"line":24,"column":51},"end":{"line":24,"column":null}},"7":{"start":{"line":25,"column":42},"end":{"line":25,"column":null}},"8":{"start":{"line":26,"column":19},"end":{"line":26,"column":null}},"9":{"start":{"line":27,"column":14},"end":{"line":27,"column":null}},"10":{"start":{"line":28,"column":2},"end":{"line":28,"column":null}},"11":{"start":{"line":29,"column":2},"end":{"line":29,"column":null}},"12":{"start":{"line":30,"column":2},"end":{"line":30,"column":null}},"13":{"start":{"line":30,"column":11},"end":{"line":30,"column":null}},"14":{"start":{"line":31,"column":2},"end":{"line":31,"column":null}},"15":{"start":{"line":31,"column":18},"end":{"line":31,"column":null}},"16":{"start":{"line":32,"column":2},"end":{"line":32,"column":null}},"17":{"start":{"line":33,"column":2},"end":{"line":33,"column":null}},"18":{"start":{"line":40,"column":45},"end":{"line":40,"column":null}},"19":{"start":{"line":41,"column":42},"end":{"line":41,"column":null}},"20":{"start":{"line":42,"column":19},"end":{"line":42,"column":null}},"21":{"start":{"line":43,"column":14},"end":{"line":43,"column":null}},"22":{"start":{"line":44,"column":2},"end":{"line":44,"column":null}},"23":{"start":{"line":45,"column":2},"end":{"line":45,"column":null}},"24":{"start":{"line":45,"column":18},"end":{"line":45,"column":null}},"25":{"start":{"line":46,"column":2},"end":{"line":46,"column":null}},"26":{"start":{"line":47,"column":2},"end":{"line":47,"column":null}},"27":{"start":{"line":68,"column":95},"end":{"line":68,"column":null}},"28":{"start":{"line":69,"column":42},"end":{"line":69,"column":null}},"29":{"start":{"line":70,"column":14},"end":{"line":70,"column":null}},"30":{"start":{"line":71,"column":20},"end":{"line":71,"column":null}},"31":{"start":{"line":72,"column":2},"end":{"line":72,"column":null}},"32":{"start":{"line":73,"column":2},"end":{"line":73,"column":null}},"33":{"start":{"line":74,"column":2},"end":{"line":74,"column":null}},"34":{"start":{"line":75,"column":2},"end":{"line":75,"column":null}},"35":{"start":{"line":76,"column":2},"end":{"line":76,"column":null}},"36":{"start":{"line":76,"column":14},"end":{"line":76,"column":null}},"37":{"start":{"line":77,"column":2},"end":{"line":77,"column":null}},"38":{"start":{"line":77,"column":15},"end":{"line":77,"column":null}},"39":{"start":{"line":78,"column":2},"end":{"line":81,"column":null}},"40":{"start":{"line":79,"column":48},"end":{"line":79,"column":null}},"41":{"start":{"line":80,"column":4},"end":{"line":80,"column":null}},"42":{"start":{"line":82,"column":2},"end":{"line":82,"column":null}},"43":{"start":{"line":82,"column":18},"end":{"line":82,"column":null}},"44":{"start":{"line":83,"column":2},"end":{"line":83,"column":null}},"45":{"start":{"line":83,"column":18},"end":{"line":83,"column":null}},"46":{"start":{"line":84,"column":2},"end":{"line":84,"column":null}},"47":{"start":{"line":85,"column":2},"end":{"line":85,"column":null}},"48":{"start":{"line":92,"column":15},"end":{"line":92,"column":null}},"49":{"start":{"line":93,"column":18},"end":{"line":93,"column":null}},"50":{"start":{"line":94,"column":19},"end":{"line":94,"column":null}},"51":{"start":{"line":95,"column":2},"end":{"line":95,"column":null}},"52":{"start":{"line":98,"column":48},"end":{"line":98,"column":61}},"53":{"start":{"line":98,"column":61},"end":{"line":98,"column":89}},"54":{"start":{"line":98,"column":89},"end":{"line":98,"column":99}},"55":{"start":{"line":99,"column":29},"end":{"line":99,"column":66}}},"fnMap":{"0":{"name":"isAffiliateActive","decl":{"start":{"line":10,"column":16},"end":{"line":10,"column":35}},"loc":{"start":{"line":10,"column":35},"end":{"line":12,"column":null}},"line":10},"1":{"name":"isGygActive","decl":{"start":{"line":14,"column":16},"end":{"line":14,"column":29}},"loc":{"start":{"line":14,"column":29},"end":{"line":14,"column":null}},"line":14},"2":{"name":"isBookingActive","decl":{"start":{"line":15,"column":16},"end":{"line":15,"column":33}},"loc":{"start":{"line":15,"column":33},"end":{"line":15,"column":null}},"line":15},"3":{"name":"gygSearchUrl","decl":{"start":{"line":23,"column":16},"end":{"line":23,"column":29}},"loc":{"start":{"line":23,"column":107},"end":{"line":34,"column":null}},"line":23},"4":{"name":"gygActivityUrl","decl":{"start":{"line":39,"column":16},"end":{"line":39,"column":31}},"loc":{"start":{"line":39,"column":108},"end":{"line":48,"column":null}},"line":39},"5":{"name":"bookingSearchUrl","decl":{"start":{"line":59,"column":16},"end":{"line":59,"column":33}},"loc":{"start":{"line":67,"column":7},"end":{"line":86,"column":null}},"line":67},"6":{"name":"estimateStayDates","decl":{"start":{"line":91,"column":16},"end":{"line":91,"column":34}},"loc":{"start":{"line":91,"column":108},"end":{"line":96,"column":null}},"line":91},"7":{"name":"addDays","decl":{"start":{"line":98,"column":9},"end":{"line":98,"column":17}},"loc":{"start":{"line":98,"column":36},"end":{"line":98,"column":null}},"line":98},"8":{"name":"toIsoDate","decl":{"start":{"line":99,"column":9},"end":{"line":99,"column":19}},"loc":{"start":{"line":99,"column":27},"end":{"line":99,"column":null}},"line":99}},"branchMap":{"0":{"loc":{"start":{"line":6,"column":20},"end":{"line":6,"column":null}},"type":"binary-expr","locations":[{"start":{"line":6,"column":20},"end":{"line":6,"column":71}},{"start":{"line":6,"column":71},"end":{"line":6,"column":null}}],"line":6},"1":{"loc":{"start":{"line":7,"column":20},"end":{"line":7,"column":null}},"type":"binary-expr","locations":[{"start":{"line":7,"column":20},"end":{"line":7,"column":59}},{"start":{"line":7,"column":59},"end":{"line":7,"column":null}}],"line":7},"2":{"loc":{"start":{"line":11,"column":12},"end":{"line":11,"column":null}},"type":"binary-expr","locations":[{"start":{"line":11,"column":12},"end":{"line":11,"column":27}},{"start":{"line":11,"column":27},"end":{"line":11,"column":null}}],"line":11},"3":{"loc":{"start":{"line":23,"column":44},"end":{"line":23,"column":107}},"type":"default-arg","locations":[{"start":{"line":23,"column":104},"end":{"line":23,"column":107}}],"line":23},"4":{"loc":{"start":{"line":24,"column":10},"end":{"line":24,"column":25}},"type":"default-arg","locations":[{"start":{"line":24,"column":19},"end":{"line":24,"column":25}}],"line":24},"5":{"loc":{"start":{"line":24,"column":31},"end":{"line":24,"column":51}},"type":"default-arg","locations":[{"start":{"line":24,"column":40},"end":{"line":24,"column":51}}],"line":24},"6":{"loc":{"start":{"line":26,"column":19},"end":{"line":26,"column":null}},"type":"binary-expr","locations":[{"start":{"line":26,"column":19},"end":{"line":26,"column":38}},{"start":{"line":26,"column":38},"end":{"line":26,"column":null}}],"line":26},"7":{"loc":{"start":{"line":30,"column":2},"end":{"line":30,"column":null}},"type":"if","locations":[{"start":{"line":30,"column":2},"end":{"line":30,"column":null}},{"start":{},"end":{}}],"line":30},"8":{"loc":{"start":{"line":31,"column":2},"end":{"line":31,"column":null}},"type":"if","locations":[{"start":{"line":31,"column":2},"end":{"line":31,"column":null}},{"start":{},"end":{}}],"line":31},"9":{"loc":{"start":{"line":39,"column":60},"end":{"line":39,"column":108}},"type":"default-arg","locations":[{"start":{"line":39,"column":105},"end":{"line":39,"column":108}}],"line":39},"10":{"loc":{"start":{"line":40,"column":10},"end":{"line":40,"column":25}},"type":"default-arg","locations":[{"start":{"line":40,"column":19},"end":{"line":40,"column":25}}],"line":40},"11":{"loc":{"start":{"line":40,"column":25},"end":{"line":40,"column":45}},"type":"default-arg","locations":[{"start":{"line":40,"column":34},"end":{"line":40,"column":45}}],"line":40},"12":{"loc":{"start":{"line":42,"column":19},"end":{"line":42,"column":null}},"type":"binary-expr","locations":[{"start":{"line":42,"column":19},"end":{"line":42,"column":38}},{"start":{"line":42,"column":38},"end":{"line":42,"column":null}}],"line":42},"13":{"loc":{"start":{"line":45,"column":2},"end":{"line":45,"column":null}},"type":"if","locations":[{"start":{"line":45,"column":2},"end":{"line":45,"column":null}},{"start":{},"end":{}}],"line":45},"14":{"loc":{"start":{"line":59,"column":54},"end":{"line":67,"column":7}},"type":"default-arg","locations":[{"start":{"line":67,"column":4},"end":{"line":67,"column":7}}],"line":59},"15":{"loc":{"start":{"line":68,"column":29},"end":{"line":68,"column":41}},"type":"default-arg","locations":[{"start":{"line":68,"column":38},"end":{"line":68,"column":41}}],"line":68},"16":{"loc":{"start":{"line":68,"column":41},"end":{"line":68,"column":56}},"type":"default-arg","locations":[{"start":{"line":68,"column":50},"end":{"line":68,"column":56}}],"line":68},"17":{"loc":{"start":{"line":68,"column":56},"end":{"line":68,"column":73}},"type":"default-arg","locations":[{"start":{"line":68,"column":65},"end":{"line":68,"column":73}}],"line":68},"18":{"loc":{"start":{"line":71,"column":20},"end":{"line":71,"column":null}},"type":"cond-expr","locations":[{"start":{"line":71,"column":34},"end":{"line":71,"column":62}},{"start":{"line":71,"column":62},"end":{"line":71,"column":null}}],"line":71},"19":{"loc":{"start":{"line":73,"column":31},"end":{"line":73,"column":57}},"type":"binary-expr","locations":[{"start":{"line":73,"column":31},"end":{"line":73,"column":50}},{"start":{"line":73,"column":50},"end":{"line":73,"column":57}}],"line":73},"20":{"loc":{"start":{"line":76,"column":2},"end":{"line":76,"column":null}},"type":"if","locations":[{"start":{"line":76,"column":2},"end":{"line":76,"column":null}},{"start":{},"end":{}}],"line":76},"21":{"loc":{"start":{"line":77,"column":2},"end":{"line":77,"column":null}},"type":"if","locations":[{"start":{"line":77,"column":2},"end":{"line":77,"column":null}},{"start":{},"end":{}}],"line":77},"22":{"loc":{"start":{"line":78,"column":2},"end":{"line":81,"column":null}},"type":"if","locations":[{"start":{"line":78,"column":2},"end":{"line":81,"column":null}},{"start":{},"end":{}}],"line":78},"23":{"loc":{"start":{"line":82,"column":2},"end":{"line":82,"column":null}},"type":"if","locations":[{"start":{"line":82,"column":2},"end":{"line":82,"column":null}},{"start":{},"end":{}}],"line":82},"24":{"loc":{"start":{"line":83,"column":2},"end":{"line":83,"column":null}},"type":"if","locations":[{"start":{"line":83,"column":2},"end":{"line":83,"column":null}},{"start":{},"end":{}}],"line":83},"25":{"loc":{"start":{"line":84,"column":56},"end":{"line":84,"column":81}},"type":"cond-expr","locations":[{"start":{"line":84,"column":63},"end":{"line":84,"column":76}},{"start":{"line":84,"column":76},"end":{"line":84,"column":81}}],"line":84},"26":{"loc":{"start":{"line":84,"column":81},"end":{"line":84,"column":112}},"type":"cond-expr","locations":[{"start":{"line":84,"column":95},"end":{"line":84,"column":108}},{"start":{"line":84,"column":108},"end":{"line":84,"column":112}}],"line":84},"27":{"loc":{"start":{"line":91,"column":54},"end":{"line":91,"column":108}},"type":"default-arg","locations":[{"start":{"line":91,"column":66},"end":{"line":91,"column":108}}],"line":91},"28":{"loc":{"start":{"line":92,"column":15},"end":{"line":92,"column":null}},"type":"cond-expr","locations":[{"start":{"line":92,"column":27},"end":{"line":92,"column":49}},{"start":{"line":92,"column":49},"end":{"line":92,"column":null}}],"line":92}},"s":{"0":0,"1":0,"2":0,"3":0,"4":0,"5":0,"6":0,"7":0,"8":0,"9":0,"10":0,"11":0,"12":0,"13":0,"14":0,"15":0,"16":0,"17":0,"18":0,"19":0,"20":0,"21":0,"22":0,"23":0,"24":0,"25":0,"26":0,"27":0,"28":0,"29":0,"30":0,"31":0,"32":0,"33":0,"34":0,"35":0,"36":0,"37":0,"38":0,"39":0,"40":0,"41":0,"42":0,"43":0,"44":0,"45":0,"46":0,"47":0,"48":0,"49":0,"50":0,"51":0,"52":0,"53":0,"54":0,"55":0},"f":{"0":0,"1":0,"2":0,"3":0,"4":0,"5":0,"6":0,"7":0,"8":0},"b":{"0":[0,0],"1":[0,0],"2":[0,0],"3":[0],"4":[0],"5":[0],"6":[0,0],"7":[0,0],"8":[0,0],"9":[0],"10":[0],"11":[0],"12":[0,0],"13":[0,0],"14":[0],"15":[0],"16":[0],"17":[0],"18":[0,0],"19":[0,0],"20":[0,0],"21":[0,0],"22":[0,0],"23":[0,0],"24":[0,0],"25":[0,0],"26":[0,0],"27":[0],"28":[0,0]},"meta":{"lastBranch":29,"lastFunction":9,"lastStatement":56,"seen":{"s:6:20:6:Infinity":0,"b:6:20:6:71:6:71:6:Infinity":0,"s:7:20:7:Infinity":1,"b:7:20:7:59:7:59:7:Infinity":1,"s:8:17:8:Infinity":2,"f:10:16:10:35":0,"s:11:2:11:Infinity":3,"b:11:12:11:27:11:27:11:Infinity":2,"f:14:16:14:29":1,"s:14:31:14:53":4,"f:15:16:15:33":2,"s:15:35:15:57":5,"f:23:16:23:29":3,"b:23:104:23:107":3,"s:24:51:24:Infinity":6,"b:24:19:24:25":4,"b:24:40:24:51":5,"s:25:42:25:Infinity":7,"s:26:19:26:Infinity":8,"b:26:19:26:38:26:38:26:Infinity":6,"s:27:14:27:Infinity":9,"s:28:2:28:Infinity":10,"s:29:2:29:Infinity":11,"b:30:2:30:Infinity:undefined:undefined:undefined:undefined":7,"s:30:2:30:Infinity":12,"s:30:11:30:Infinity":13,"b:31:2:31:Infinity:undefined:undefined:undefined:undefined":8,"s:31:2:31:Infinity":14,"s:31:18:31:Infinity":15,"s:32:2:32:Infinity":16,"s:33:2:33:Infinity":17,"f:39:16:39:31":4,"b:39:105:39:108":9,"s:40:45:40:Infinity":18,"b:40:19:40:25":10,"b:40:34:40:45":11,"s:41:42:41:Infinity":19,"s:42:19:42:Infinity":20,"b:42:19:42:38:42:38:42:Infinity":12,"s:43:14:43:Infinity":21,"s:44:2:44:Infinity":22,"b:45:2:45:Infinity:undefined:undefined:undefined:undefined":13,"s:45:2:45:Infinity":23,"s:45:18:45:Infinity":24,"s:46:2:46:Infinity":25,"s:47:2:47:Infinity":26,"f:59:16:59:33":5,"b:67:4:67:7":14,"s:68:95:68:Infinity":27,"b:68:38:68:41":15,"b:68:50:68:56":16,"b:68:65:68:73":17,"s:69:42:69:Infinity":28,"s:70:14:70:Infinity":29,"s:71:20:71:Infinity":30,"b:71:34:71:62:71:62:71:Infinity":18,"s:72:2:72:Infinity":31,"s:73:2:73:Infinity":32,"b:73:31:73:50:73:50:73:57":19,"s:74:2:74:Infinity":33,"s:75:2:75:Infinity":34,"b:76:2:76:Infinity:undefined:undefined:undefined:undefined":20,"s:76:2:76:Infinity":35,"s:76:14:76:Infinity":36,"b:77:2:77:Infinity:undefined:undefined:undefined:undefined":21,"s:77:2:77:Infinity":37,"s:77:15:77:Infinity":38,"b:78:2:81:Infinity:undefined:undefined:undefined:undefined":22,"s:78:2:81:Infinity":39,"s:79:48:79:Infinity":40,"s:80:4:80:Infinity":41,"b:82:2:82:Infinity:undefined:undefined:undefined:undefined":23,"s:82:2:82:Infinity":42,"s:82:18:82:Infinity":43,"b:83:2:83:Infinity:undefined:undefined:undefined:undefined":24,"s:83:2:83:Infinity":44,"s:83:18:83:Infinity":45,"s:84:2:84:Infinity":46,"b:84:63:84:76:84:76:84:81":25,"b:84:95:84:108:84:108:84:112":26,"s:85:2:85:Infinity":47,"f:91:16:91:34":6,"b:91:66:91:108":27,"s:92:15:92:Infinity":48,"b:92:27:92:49:92:49:92:Infinity":28,"s:93:18:93:Infinity":49,"s:94:19:94:Infinity":50,"s:95:2:95:Infinity":51,"f:98:9:98:17":7,"s:98:48:98:61":52,"s:98:61:98:89":53,"s:98:89:98:99":54,"f:99:9:99:19":8,"s:99:29:99:66":55},"fnNames":{}}}
,"C:\\Users\\carlo\\OneDrive\\Escritorio\\triploop\\src\\lib\\ai-cost-tracker.ts": {"path":"C:\\Users\\carlo\\OneDrive\\Escritorio\\triploop\\src\\lib\\ai-cost-tracker.ts","statementMap":{"0":{"start":{"line":23,"column":79},"end":{"line":31,"column":null}},"1":{"start":{"line":34,"column":15},"end":{"line":34,"column":null}},"2":{"start":{"line":35,"column":2},"end":{"line":35,"column":null}},"3":{"start":{"line":41,"column":19},"end":{"line":45,"column":null}},"4":{"start":{"line":47,"column":2},"end":{"line":47,"column":null}},"5":{"start":{"line":47,"column":8},"end":{"line":47,"column":60}},"6":{"start":{"line":49,"column":2},"end":{"line":52,"column":null}},"7":{"start":{"line":50,"column":15},"end":{"line":50,"column":33}},"8":{"start":{"line":51,"column":4},"end":{"line":51,"column":null}},"9":{"start":{"line":60,"column":16},"end":{"line":60,"column":null}},"10":{"start":{"line":61,"column":2},"end":{"line":73,"column":null}},"11":{"start":{"line":62,"column":19},"end":{"line":62,"column":null}},"12":{"start":{"line":63,"column":4},"end":{"line":63,"column":null}},"13":{"start":{"line":64,"column":4},"end":{"line":64,"column":null}},"14":{"start":{"line":66,"column":4},"end":{"line":71,"column":null}},"15":{"start":{"line":72,"column":4},"end":{"line":72,"column":null}}},"fnMap":{"0":{"name":"estimateCost","decl":{"start":{"line":33,"column":16},"end":{"line":33,"column":29}},"loc":{"start":{"line":33,"column":90},"end":{"line":36,"column":null}},"line":33},"1":{"name":"logAICall","decl":{"start":{"line":40,"column":22},"end":{"line":40,"column":32}},"loc":{"start":{"line":40,"column":63},"end":{"line":53,"column":null}},"line":40},"2":{"name":"trackedAICall","decl":{"start":{"line":56,"column":22},"end":{"line":56,"column":null}},"loc":{"start":{"line":59,"column":14},"end":{"line":74,"column":null}},"line":59}},"branchMap":{"0":{"loc":{"start":{"line":33,"column":47},"end":{"line":33,"column":64}},"type":"default-arg","locations":[{"start":{"line":33,"column":61},"end":{"line":33,"column":64}}],"line":33},"1":{"loc":{"start":{"line":33,"column":64},"end":{"line":33,"column":90}},"type":"default-arg","locations":[{"start":{"line":33,"column":79},"end":{"line":33,"column":90}}],"line":33},"2":{"loc":{"start":{"line":34,"column":15},"end":{"line":34,"column":null}},"type":"binary-expr","locations":[{"start":{"line":34,"column":15},"end":{"line":34,"column":48}},{"start":{"line":34,"column":48},"end":{"line":34,"column":null}}],"line":34},"3":{"loc":{"start":{"line":43,"column":24},"end":{"line":43,"column":null}},"type":"binary-expr","locations":[{"start":{"line":43,"column":24},"end":{"line":43,"column":50}},{"start":{"line":43,"column":50},"end":{"line":43,"column":null}}],"line":43}},"s":{"0":1,"1":11,"2":11,"3":0,"4":0,"5":0,"6":0,"7":0,"8":0,"9":0,"10":0,"11":0,"12":0,"13":0,"14":0,"15":0},"f":{"0":11,"1":0,"2":0},"b":{"0":[11],"1":[11],"2":[11,2],"3":[0,0]},"meta":{"lastBranch":4,"lastFunction":3,"lastStatement":16,"seen":{"s:23:79:31:Infinity":0,"f:33:16:33:29":0,"b:33:61:33:64":0,"b:33:79:33:90":1,"s:34:15:34:Infinity":1,"b:34:15:34:48:34:48:34:Infinity":2,"s:35:2:35:Infinity":2,"f:40:22:40:32":1,"s:41:19:45:Infinity":3,"b:43:24:43:50:43:50:43:Infinity":3,"s:47:2:47:Infinity":4,"s:47:8:47:60":5,"s:49:2:52:Infinity":6,"s:50:15:50:33":7,"s:51:4:51:Infinity":8,"f:56:22:56:Infinity":2,"s:60:16:60:Infinity":9,"s:61:2:73:Infinity":10,"s:62:19:62:Infinity":11,"s:63:4:63:Infinity":12,"s:64:4:64:Infinity":13,"s:66:4:71:Infinity":14,"s:72:4:72:Infinity":15},"fnNames":{}}}
,"C:\\Users\\carlo\\OneDrive\\Escritorio\\triploop\\src\\lib\\ai-openrouter.ts": {"path":"C:\\Users\\carlo\\OneDrive\\Escritorio\\triploop\\src\\lib\\ai-openrouter.ts","statementMap":{"0":{"start":{"line":6,"column":23},"end":{"line":12,"column":null}},"1":{"start":{"line":19,"column":14},"end":{"line":19,"column":null}},"2":{"start":{"line":20,"column":2},"end":{"line":20,"column":null}},"3":{"start":{"line":20,"column":11},"end":{"line":20,"column":null}},"4":{"start":{"line":21,"column":20},"end":{"line":21,"column":null}},"5":{"start":{"line":22,"column":20},"end":{"line":22,"column":null}},"6":{"start":{"line":24,"column":2},"end":{"line":53,"column":null}},"7":{"start":{"line":25,"column":4},"end":{"line":52,"column":null}},"8":{"start":{"line":26,"column":25},"end":{"line":26,"column":null}},"9":{"start":{"line":27,"column":22},"end":{"line":27,"column":null}},"10":{"start":{"line":27,"column":39},"end":{"line":27,"column":59}},"11":{"start":{"line":28,"column":16},"end":{"line":46,"column":null}},"12":{"start":{"line":47,"column":6},"end":{"line":47,"column":null}},"13":{"start":{"line":48,"column":6},"end":{"line":48,"column":null}},"14":{"start":{"line":48,"column":16},"end":{"line":48,"column":null}},"15":{"start":{"line":49,"column":12},"end":{"line":49,"column":null}},"16":{"start":{"line":50,"column":21},"end":{"line":50,"column":null}},"17":{"start":{"line":51,"column":6},"end":{"line":51,"column":null}},"18":{"start":{"line":51,"column":17},"end":{"line":51,"column":null}},"19":{"start":{"line":52,"column":14},"end":{"line":52,"column":24}},"20":{"start":{"line":54,"column":2},"end":{"line":54,"column":null}},"21":{"start":{"line":58,"column":2},"end":{"line":58,"column":null}},"22":{"start":{"line":58,"column":8},"end":{"line":58,"column":37}},"23":{"start":{"line":59,"column":12},"end":{"line":59,"column":null}},"24":{"start":{"line":60,"column":2},"end":{"line":60,"column":null}},"25":{"start":{"line":60,"column":9},"end":{"line":60,"column":56}},"26":{"start":{"line":60,"column":15},"end":{"line":60,"column":45}},"27":{"start":{"line":61,"column":2},"end":{"line":61,"column":null}},"28":{"start":{"line":70,"column":19},"end":{"line":72,"column":null}},"29":{"start":{"line":73,"column":2},"end":{"line":78,"column":null}},"30":{"start":{"line":74,"column":19},"end":{"line":76,"column":null}},"31":{"start":{"line":77,"column":4},"end":{"line":77,"column":null}},"32":{"start":{"line":79,"column":2},"end":{"line":79,"column":null}},"33":{"start":{"line":79,"column":39},"end":{"line":79,"column":null}},"34":{"start":{"line":80,"column":15},"end":{"line":80,"column":null}},"35":{"start":{"line":81,"column":20},"end":{"line":81,"column":null}},"36":{"start":{"line":82,"column":17},"end":{"line":82,"column":null}},"37":{"start":{"line":83,"column":2},"end":{"line":83,"column":null}},"38":{"start":{"line":87,"column":13},"end":{"line":87,"column":null}},"39":{"start":{"line":88,"column":2},"end":{"line":91,"column":null}},"40":{"start":{"line":88,"column":14},"end":{"line":88,"column":17}},"41":{"start":{"line":89,"column":4},"end":{"line":89,"column":null}},"42":{"start":{"line":90,"column":4},"end":{"line":90,"column":null}},"43":{"start":{"line":92,"column":2},"end":{"line":92,"column":null}}},"fnMap":{"0":{"name":"callOpenRouterJson","decl":{"start":{"line":14,"column":22},"end":{"line":14,"column":null}},"loc":{"start":{"line":18,"column":49},"end":{"line":55,"column":null}},"line":18},"1":{"name":"(anonymous_1)","decl":{"start":{"line":27,"column":22},"end":{"line":27,"column":39}},"loc":{"start":{"line":27,"column":39},"end":{"line":27,"column":59}},"line":27},"2":{"name":"extractJson","decl":{"start":{"line":57,"column":9},"end":{"line":57,"column":24}},"loc":{"start":{"line":57,"column":47},"end":{"line":62,"column":null}},"line":57},"3":{"name":"readTripCache","decl":{"start":{"line":65,"column":22},"end":{"line":65,"column":null}},"loc":{"start":{"line":69,"column":93},"end":{"line":84,"column":null}},"line":69},"4":{"name":"contentHash","decl":{"start":{"line":86,"column":16},"end":{"line":86,"column":28}},"loc":{"start":{"line":86,"column":51},"end":{"line":93,"column":null}},"line":86}},"branchMap":{"0":{"loc":{"start":{"line":17,"column":2},"end":{"line":17,"column":null}},"type":"default-arg","locations":[{"start":{"line":17,"column":69},"end":{"line":17,"column":null}}],"line":17},"1":{"loc":{"start":{"line":20,"column":2},"end":{"line":20,"column":null}},"type":"if","locations":[{"start":{"line":20,"column":2},"end":{"line":20,"column":null}},{"start":{},"end":{}}],"line":20},"2":{"loc":{"start":{"line":21,"column":20},"end":{"line":21,"column":null}},"type":"binary-expr","locations":[{"start":{"line":21,"column":20},"end":{"line":21,"column":38}},{"start":{"line":21,"column":38},"end":{"line":21,"column":null}}],"line":21},"3":{"loc":{"start":{"line":22,"column":20},"end":{"line":22,"column":null}},"type":"binary-expr","locations":[{"start":{"line":22,"column":20},"end":{"line":22,"column":38}},{"start":{"line":22,"column":38},"end":{"line":22,"column":null}}],"line":22},"4":{"loc":{"start":{"line":35,"column":21},"end":{"line":35,"column":null}},"type":"binary-expr","locations":[{"start":{"line":35,"column":21},"end":{"line":35,"column":35}},{"start":{"line":35,"column":35},"end":{"line":35,"column":null}}],"line":35},"5":{"loc":{"start":{"line":48,"column":6},"end":{"line":48,"column":null}},"type":"if","locations":[{"start":{"line":48,"column":6},"end":{"line":48,"column":null}},{"start":{},"end":{}}],"line":48},"6":{"loc":{"start":{"line":49,"column":12},"end":{"line":49,"column":null}},"type":"binary-expr","locations":[{"start":{"line":49,"column":12},"end":{"line":49,"column":70}},{"start":{"line":49,"column":70},"end":{"line":49,"column":null}}],"line":49},"7":{"loc":{"start":{"line":51,"column":6},"end":{"line":51,"column":null}},"type":"if","locations":[{"start":{"line":51,"column":6},"end":{"line":51,"column":null}},{"start":{},"end":{}}],"line":51},"8":{"loc":{"start":{"line":60,"column":2},"end":{"line":60,"column":null}},"type":"if","locations":[{"start":{"line":60,"column":2},"end":{"line":60,"column":null}},{"start":{},"end":{}}],"line":60},"9":{"loc":{"start":{"line":73,"column":2},"end":{"line":78,"column":null}},"type":"if","locations":[{"start":{"line":73,"column":2},"end":{"line":78,"column":null}},{"start":{},"end":{}}],"line":73},"10":{"loc":{"start":{"line":73,"column":5},"end":{"line":73,"column":67}},"type":"binary-expr","locations":[{"start":{"line":73,"column":5},"end":{"line":73,"column":23}},{"start":{"line":73,"column":23},"end":{"line":73,"column":67}}],"line":73},"11":{"loc":{"start":{"line":77,"column":20},"end":{"line":77,"column":69}},"type":"binary-expr","locations":[{"start":{"line":77,"column":20},"end":{"line":77,"column":63}},{"start":{"line":77,"column":63},"end":{"line":77,"column":69}}],"line":77},"12":{"loc":{"start":{"line":79,"column":2},"end":{"line":79,"column":null}},"type":"if","locations":[{"start":{"line":79,"column":2},"end":{"line":79,"column":null}},{"start":{},"end":{}}],"line":79},"13":{"loc":{"start":{"line":79,"column":5},"end":{"line":79,"column":39}},"type":"binary-expr","locations":[{"start":{"line":79,"column":5},"end":{"line":79,"column":23}},{"start":{"line":79,"column":23},"end":{"line":79,"column":39}}],"line":79},"14":{"loc":{"start":{"line":81,"column":20},"end":{"line":81,"column":null}},"type":"binary-expr","locations":[{"start":{"line":81,"column":20},"end":{"line":81,"column":37}},{"start":{"line":81,"column":37},"end":{"line":81,"column":null}}],"line":81},"15":{"loc":{"start":{"line":83,"column":25},"end":{"line":83,"column":41}},"type":"binary-expr","locations":[{"start":{"line":83,"column":25},"end":{"line":83,"column":35}},{"start":{"line":83,"column":35},"end":{"line":83,"column":41}}],"line":83}},"s":{"0":0,"1":0,"2":0,"3":0,"4":0,"5":0,"6":0,"7":0,"8":0,"9":0,"10":0,"11":0,"12":0,"13":0,"14":0,"15":0,"16":0,"17":0,"18":0,"19":0,"20":0,"21":0,"22":0,"23":0,"24":0,"25":0,"26":0,"27":0,"28":0,"29":0,"30":0,"31":0,"32":0,"33":0,"34":0,"35":0,"36":0,"37":0,"38":0,"39":0,"40":0,"41":0,"42":0,"43":0},"f":{"0":0,"1":0,"2":0,"3":0,"4":0},"b":{"0":[0],"1":[0,0],"2":[0,0],"3":[0,0],"4":[0,0],"5":[0,0],"6":[0,0],"7":[0,0],"8":[0,0],"9":[0,0],"10":[0,0],"11":[0,0],"12":[0,0],"13":[0,0],"14":[0,0],"15":[0,0]},"meta":{"lastBranch":16,"lastFunction":5,"lastStatement":44,"seen":{"s:6:23:12:Infinity":0,"f:14:22:14:Infinity":0,"b:17:69:17:Infinity":0,"s:19:14:19:Infinity":1,"b:20:2:20:Infinity:undefined:undefined:undefined:undefined":1,"s:20:2:20:Infinity":2,"s:20:11:20:Infinity":3,"s:21:20:21:Infinity":4,"b:21:20:21:38:21:38:21:Infinity":2,"s:22:20:22:Infinity":5,"b:22:20:22:38:22:38:22:Infinity":3,"s:24:2:53:Infinity":6,"s:25:4:52:Infinity":7,"s:26:25:26:Infinity":8,"s:27:22:27:Infinity":9,"f:27:22:27:39":1,"s:27:39:27:59":10,"s:28:16:46:Infinity":11,"b:35:21:35:35:35:35:35:Infinity":4,"s:47:6:47:Infinity":12,"b:48:6:48:Infinity:undefined:undefined:undefined:undefined":5,"s:48:6:48:Infinity":13,"s:48:16:48:Infinity":14,"s:49:12:49:Infinity":15,"b:49:12:49:70:49:70:49:Infinity":6,"s:50:21:50:Infinity":16,"b:51:6:51:Infinity:undefined:undefined:undefined:undefined":7,"s:51:6:51:Infinity":17,"s:51:17:51:Infinity":18,"s:52:14:52:24":19,"s:54:2:54:Infinity":20,"f:57:9:57:24":2,"s:58:2:58:Infinity":21,"s:58:8:58:37":22,"s:59:12:59:Infinity":23,"b:60:2:60:Infinity:undefined:undefined:undefined:undefined":8,"s:60:2:60:Infinity":24,"s:60:9:60:56":25,"s:60:15:60:45":26,"s:61:2:61:Infinity":27,"f:65:22:65:Infinity":3,"s:70:19:72:Infinity":28,"b:73:2:78:Infinity:undefined:undefined:undefined:undefined":9,"s:73:2:78:Infinity":29,"b:73:5:73:23:73:23:73:67":10,"s:74:19:76:Infinity":30,"s:77:4:77:Infinity":31,"b:77:20:77:63:77:63:77:69":11,"b:79:2:79:Infinity:undefined:undefined:undefined:undefined":12,"s:79:2:79:Infinity":32,"b:79:5:79:23:79:23:79:39":13,"s:79:39:79:Infinity":33,"s:80:15:80:Infinity":34,"s:81:20:81:Infinity":35,"b:81:20:81:37:81:37:81:Infinity":14,"s:82:17:82:Infinity":36,"s:83:2:83:Infinity":37,"b:83:25:83:35:83:35:83:41":15,"f:86:16:86:28":4,"s:87:13:87:Infinity":38,"s:88:2:91:Infinity":39,"s:88:14:88:17":40,"s:89:4:89:Infinity":41,"s:90:4:90:Infinity":42,"s:92:2:92:Infinity":43},"fnNames":{}}}
,"C:\\Users\\carlo\\OneDrive\\Escritorio\\triploop\\src\\lib\\blog-seed-es.ts": {"path":"C:\\Users\\carlo\\OneDrive\\Escritorio\\triploop\\src\\lib\\blog-seed-es.ts","statementMap":{"0":{"start":{"line":3,"column":45},"end":{"line":557,"column":null}}},"fnMap":{},"branchMap":{},"s":{"0":0},"f":{},"b":{},"meta":{"lastBranch":0,"lastFunction":0,"lastStatement":1,"seen":{"s:3:45:557:Infinity":0},"fnNames":{}}}
,"C:\\Users\\carlo\\OneDrive\\Escritorio\\triploop\\src\\lib\\blog-seed.ts": {"path":"C:\\Users\\carlo\\OneDrive\\Escritorio\\triploop\\src\\lib\\blog-seed.ts","statementMap":{"0":{"start":{"line":15,"column":42},"end":{"line":569,"column":null}}},"fnMap":{},"branchMap":{},"s":{"0":0},"f":{},"b":{},"meta":{"lastBranch":0,"lastFunction":0,"lastStatement":1,"seen":{"s:15:42:569:Infinity":0},"fnNames":{}}}
,"C:\\Users\\carlo\\OneDrive\\Escritorio\\triploop\\src\\lib\\budget-calculator.ts": {"path":"C:\\Users\\carlo\\OneDrive\\Escritorio\\triploop\\src\\lib\\budget-calculator.ts","statementMap":{"0":{"start":{"line":9,"column":52},"end":{"line":17,"column":null}},"1":{"start":{"line":20,"column":75},"end":{"line":24,"column":null}},"2":{"start":{"line":27,"column":79},"end":{"line":31,"column":null}},"3":{"start":{"line":34,"column":51},"end":{"line":38,"column":null}},"4":{"start":{"line":40,"column":20},"end":{"line":40,"column":null}},"5":{"start":{"line":41,"column":19},"end":{"line":41,"column":null}},"6":{"start":{"line":43,"column":61},"end":{"line":50,"column":null}},"7":{"start":{"line":52,"column":54},"end":{"line":54,"column":null}},"8":{"start":{"line":87,"column":15},"end":{"line":87,"column":null}},"9":{"start":{"line":88,"column":19},"end":{"line":88,"column":null}},"10":{"start":{"line":89,"column":8},"end":{"line":89,"column":null}},"11":{"start":{"line":90,"column":18},"end":{"line":90,"column":null}},"12":{"start":{"line":91,"column":20},"end":{"line":91,"column":null}},"13":{"start":{"line":93,"column":24},"end":{"line":93,"column":null}},"14":{"start":{"line":94,"column":14},"end":{"line":94,"column":null}},"15":{"start":{"line":95,"column":22},"end":{"line":95,"column":null}},"16":{"start":{"line":96,"column":17},"end":{"line":96,"column":null}},"17":{"start":{"line":99,"column":17},"end":{"line":99,"column":null}},"18":{"start":{"line":100,"column":24},"end":{"line":100,"column":null}},"19":{"start":{"line":102,"column":16},"end":{"line":102,"column":null}},"20":{"start":{"line":103,"column":20},"end":{"line":103,"column":null}},"21":{"start":{"line":106,"column":21},"end":{"line":106,"column":null}},"22":{"start":{"line":107,"column":18},"end":{"line":107,"column":null}},"23":{"start":{"line":110,"column":20},"end":{"line":112,"column":null}},"24":{"start":{"line":113,"column":25},"end":{"line":113,"column":null}},"25":{"start":{"line":115,"column":22},"end":{"line":115,"column":null}},"26":{"start":{"line":116,"column":20},"end":{"line":116,"column":null}},"27":{"start":{"line":117,"column":19},"end":{"line":117,"column":null}},"28":{"start":{"line":119,"column":15},"end":{"line":119,"column":null}},"29":{"start":{"line":120,"column":8},"end":{"line":120,"column":null}},"30":{"start":{"line":120,"column":38},"end":{"line":120,"column":null}},"31":{"start":{"line":122,"column":26},"end":{"line":122,"column":null}},"32":{"start":{"line":123,"column":2},"end":{"line":123,"column":null}},"33":{"start":{"line":123,"column":33},"end":{"line":123,"column":null}},"34":{"start":{"line":124,"column":2},"end":{"line":124,"column":null}},"35":{"start":{"line":124,"column":28},"end":{"line":124,"column":null}},"36":{"start":{"line":125,"column":2},"end":{"line":125,"column":null}},"37":{"start":{"line":125,"column":42},"end":{"line":125,"column":null}},"38":{"start":{"line":126,"column":2},"end":{"line":126,"column":null}},"39":{"start":{"line":126,"column":21},"end":{"line":126,"column":null}},"40":{"start":{"line":127,"column":2},"end":{"line":127,"column":null}},"41":{"start":{"line":127,"column":22},"end":{"line":127,"column":null}},"42":{"start":{"line":129,"column":2},"end":{"line":145,"column":null}}},"fnMap":{"0":{"name":"calculateBudget","decl":{"start":{"line":86,"column":16},"end":{"line":86,"column":32}},"loc":{"start":{"line":86,"column":69},"end":{"line":146,"column":null}},"line":86},"1":{"name":"(anonymous_1)","decl":{"start":{"line":120,"column":8},"end":{"line":120,"column":22}},"loc":{"start":{"line":120,"column":38},"end":{"line":120,"column":null}},"line":120}},"branchMap":{"0":{"loc":{"start":{"line":87,"column":15},"end":{"line":87,"column":null}},"type":"binary-expr","locations":[{"start":{"line":87,"column":15},"end":{"line":87,"column":29}},{"start":{"line":87,"column":29},"end":{"line":87,"column":null}}],"line":87},"1":{"loc":{"start":{"line":88,"column":19},"end":{"line":88,"column":null}},"type":"binary-expr","locations":[{"start":{"line":88,"column":19},"end":{"line":88,"column":37}},{"start":{"line":88,"column":37},"end":{"line":88,"column":null}}],"line":88},"2":{"loc":{"start":{"line":89,"column":18},"end":{"line":89,"column":46}},"type":"binary-expr","locations":[{"start":{"line":89,"column":18},"end":{"line":89,"column":34}},{"start":{"line":89,"column":34},"end":{"line":89,"column":46}}],"line":89},"3":{"loc":{"start":{"line":91,"column":20},"end":{"line":91,"column":null}},"type":"cond-expr","locations":[{"start":{"line":91,"column":64},"end":{"line":91,"column":73}},{"start":{"line":91,"column":73},"end":{"line":91,"column":null}}],"line":91},"4":{"loc":{"start":{"line":94,"column":14},"end":{"line":94,"column":null}},"type":"binary-expr","locations":[{"start":{"line":94,"column":14},"end":{"line":94,"column":27}},{"start":{"line":94,"column":27},"end":{"line":94,"column":null}}],"line":94},"5":{"loc":{"start":{"line":100,"column":24},"end":{"line":100,"column":null}},"type":"cond-expr","locations":[{"start":{"line":100,"column":34},"end":{"line":100,"column":64}},{"start":{"line":100,"column":64},"end":{"line":100,"column":null}}],"line":100},"6":{"loc":{"start":{"line":106,"column":21},"end":{"line":106,"column":null}},"type":"cond-expr","locations":[{"start":{"line":106,"column":31},"end":{"line":106,"column":65}},{"start":{"line":106,"column":65},"end":{"line":106,"column":null}}],"line":106},"7":{"loc":{"start":{"line":110,"column":20},"end":{"line":112,"column":null}},"type":"cond-expr","locations":[{"start":{"line":111,"column":6},"end":{"line":111,"column":null}},{"start":{"line":112,"column":6},"end":{"line":112,"column":null}}],"line":110},"8":{"loc":{"start":{"line":123,"column":2},"end":{"line":123,"column":null}},"type":"if","locations":[{"start":{"line":123,"column":2},"end":{"line":123,"column":null}},{"start":{},"end":{}}],"line":123},"9":{"loc":{"start":{"line":124,"column":2},"end":{"line":124,"column":null}},"type":"if","locations":[{"start":{"line":124,"column":2},"end":{"line":124,"column":null}},{"start":{},"end":{}}],"line":124},"10":{"loc":{"start":{"line":125,"column":2},"end":{"line":125,"column":null}},"type":"if","locations":[{"start":{"line":125,"column":2},"end":{"line":125,"column":null}},{"start":{},"end":{}}],"line":125},"11":{"loc":{"start":{"line":125,"column":5},"end":{"line":125,"column":42}},"type":"binary-expr","locations":[{"start":{"line":125,"column":5},"end":{"line":125,"column":21}},{"start":{"line":125,"column":21},"end":{"line":125,"column":42}}],"line":125},"12":{"loc":{"start":{"line":126,"column":2},"end":{"line":126,"column":null}},"type":"if","locations":[{"start":{"line":126,"column":2},"end":{"line":126,"column":null}},{"start":{},"end":{}}],"line":126},"13":{"loc":{"start":{"line":127,"column":2},"end":{"line":127,"column":null}},"type":"if","locations":[{"start":{"line":127,"column":2},"end":{"line":127,"column":null}},{"start":{},"end":{}}],"line":127}},"s":{"0":0,"1":0,"2":0,"3":0,"4":0,"5":0,"6":0,"7":0,"8":0,"9":0,"10":0,"11":0,"12":0,"13":0,"14":0,"15":0,"16":0,"17":0,"18":0,"19":0,"20":0,"21":0,"22":0,"23":0,"24":0,"25":0,"26":0,"27":0,"28":0,"29":0,"30":0,"31":0,"32":0,"33":0,"34":0,"35":0,"36":0,"37":0,"38":0,"39":0,"40":0,"41":0,"42":0},"f":{"0":0,"1":0},"b":{"0":[0,0],"1":[0,0],"2":[0,0],"3":[0,0],"4":[0,0],"5":[0,0],"6":[0,0],"7":[0,0],"8":[0,0],"9":[0,0],"10":[0,0],"11":[0,0],"12":[0,0],"13":[0,0]},"meta":{"lastBranch":14,"lastFunction":2,"lastStatement":43,"seen":{"s:9:52:17:Infinity":0,"s:20:75:24:Infinity":1,"s:27:79:31:Infinity":2,"s:34:51:38:Infinity":3,"s:40:20:40:Infinity":4,"s:41:19:41:Infinity":5,"s:43:61:50:Infinity":6,"s:52:54:54:Infinity":7,"f:86:16:86:32":0,"s:87:15:87:Infinity":8,"b:87:15:87:29:87:29:87:Infinity":0,"s:88:19:88:Infinity":9,"b:88:19:88:37:88:37:88:Infinity":1,"s:89:8:89:Infinity":10,"b:89:18:89:34:89:34:89:46":2,"s:90:18:90:Infinity":11,"s:91:20:91:Infinity":12,"b:91:64:91:73:91:73:91:Infinity":3,"s:93:24:93:Infinity":13,"s:94:14:94:Infinity":14,"b:94:14:94:27:94:27:94:Infinity":4,"s:95:22:95:Infinity":15,"s:96:17:96:Infinity":16,"s:99:17:99:Infinity":17,"s:100:24:100:Infinity":18,"b:100:34:100:64:100:64:100:Infinity":5,"s:102:16:102:Infinity":19,"s:103:20:103:Infinity":20,"s:106:21:106:Infinity":21,"b:106:31:106:65:106:65:106:Infinity":6,"s:107:18:107:Infinity":22,"s:110:20:112:Infinity":23,"b:111:6:111:Infinity:112:6:112:Infinity":7,"s:113:25:113:Infinity":24,"s:115:22:115:Infinity":25,"s:116:20:116:Infinity":26,"s:117:19:117:Infinity":27,"s:119:15:119:Infinity":28,"s:120:8:120:Infinity":29,"f:120:8:120:22":1,"s:120:38:120:Infinity":30,"s:122:26:122:Infinity":31,"b:123:2:123:Infinity:undefined:undefined:undefined:undefined":8,"s:123:2:123:Infinity":32,"s:123:33:123:Infinity":33,"b:124:2:124:Infinity:undefined:undefined:undefined:undefined":9,"s:124:2:124:Infinity":34,"s:124:28:124:Infinity":35,"b:125:2:125:Infinity:undefined:undefined:undefined:undefined":10,"s:125:2:125:Infinity":36,"b:125:5:125:21:125:21:125:42":11,"s:125:42:125:Infinity":37,"b:126:2:126:Infinity:undefined:undefined:undefined:undefined":12,"s:126:2:126:Infinity":38,"s:126:21:126:Infinity":39,"b:127:2:127:Infinity:undefined:undefined:undefined:undefined":13,"s:127:2:127:Infinity":40,"s:127:22:127:Infinity":41,"s:129:2:145:Infinity":42},"fnNames":{}}}
,"C:\\Users\\carlo\\OneDrive\\Escritorio\\triploop\\src\\lib\\curated-pois.ts": {"path":"C:\\Users\\carlo\\OneDrive\\Escritorio\\triploop\\src\\lib\\curated-pois.ts","statementMap":{"0":{"start":{"line":18,"column":58},"end":{"line":299,"column":null}},"1":{"start":{"line":302,"column":15},"end":{"line":302,"column":null}},"2":{"start":{"line":303,"column":17},"end":{"line":303,"column":null}},"3":{"start":{"line":304,"column":2},"end":{"line":304,"column":null}},"4":{"start":{"line":304,"column":22},"end":{"line":304,"column":null}},"5":{"start":{"line":304,"column":50},"end":{"line":304,"column":58}},"6":{"start":{"line":305,"column":2},"end":{"line":305,"column":null}},"7":{"start":{"line":305,"column":17},"end":{"line":305,"column":null}},"8":{"start":{"line":306,"column":2},"end":{"line":306,"column":null}},"9":{"start":{"line":310,"column":2},"end":{"line":310,"column":null}},"10":{"start":{"line":314,"column":2},"end":{"line":314,"column":null}},"11":{"start":{"line":314,"column":58},"end":{"line":314,"column":76}}},"fnMap":{"0":{"name":"getCuratedPOIs","decl":{"start":{"line":301,"column":16},"end":{"line":301,"column":31}},"loc":{"start":{"line":301,"column":114},"end":{"line":307,"column":null}},"line":301},"1":{"name":"(anonymous_1)","decl":{"start":{"line":304,"column":38},"end":{"line":304,"column":45}},"loc":{"start":{"line":304,"column":50},"end":{"line":304,"column":58}},"line":304},"2":{"name":"getAllCuratedRegions","decl":{"start":{"line":309,"column":16},"end":{"line":309,"column":49}},"loc":{"start":{"line":309,"column":49},"end":{"line":311,"column":null}},"line":309},"3":{"name":"totalCuratedPOIs","decl":{"start":{"line":313,"column":16},"end":{"line":313,"column":43}},"loc":{"start":{"line":313,"column":43},"end":{"line":315,"column":null}},"line":313},"4":{"name":"(anonymous_4)","decl":{"start":{"line":314,"column":37},"end":{"line":314,"column":45}},"loc":{"start":{"line":314,"column":58},"end":{"line":314,"column":76}},"line":314}},"branchMap":{"0":{"loc":{"start":{"line":301,"column":47},"end":{"line":301,"column":114}},"type":"default-arg","locations":[{"start":{"line":301,"column":96},"end":{"line":301,"column":114}}],"line":301},"1":{"loc":{"start":{"line":302,"column":15},"end":{"line":302,"column":null}},"type":"binary-expr","locations":[{"start":{"line":302,"column":15},"end":{"line":302,"column":39}},{"start":{"line":302,"column":39},"end":{"line":302,"column":null}}],"line":302},"2":{"loc":{"start":{"line":304,"column":2},"end":{"line":304,"column":null}},"type":"if","locations":[{"start":{"line":304,"column":2},"end":{"line":304,"column":null}},{"start":{},"end":{}}],"line":304},"3":{"loc":{"start":{"line":305,"column":2},"end":{"line":305,"column":null}},"type":"if","locations":[{"start":{"line":305,"column":2},"end":{"line":305,"column":null}},{"start":{},"end":{}}],"line":305}},"s":{"0":0,"1":0,"2":0,"3":0,"4":0,"5":0,"6":0,"7":0,"8":0,"9":0,"10":0,"11":0},"f":{"0":0,"1":0,"2":0,"3":0,"4":0},"b":{"0":[0],"1":[0,0],"2":[0,0],"3":[0,0]},"meta":{"lastBranch":4,"lastFunction":5,"lastStatement":12,"seen":{"s:18:58:299:Infinity":0,"f:301:16:301:31":0,"b:301:96:301:114":0,"s:302:15:302:Infinity":1,"b:302:15:302:39:302:39:302:Infinity":1,"s:303:17:303:Infinity":2,"b:304:2:304:Infinity:undefined:undefined:undefined:undefined":2,"s:304:2:304:Infinity":3,"s:304:22:304:Infinity":4,"f:304:38:304:45":1,"s:304:50:304:58":5,"b:305:2:305:Infinity:undefined:undefined:undefined:undefined":3,"s:305:2:305:Infinity":6,"s:305:17:305:Infinity":7,"s:306:2:306:Infinity":8,"f:309:16:309:49":2,"s:310:2:310:Infinity":9,"f:313:16:313:43":3,"s:314:2:314:Infinity":10,"f:314:37:314:45":4,"s:314:58:314:76":11},"fnNames":{}}}
,"C:\\Users\\carlo\\OneDrive\\Escritorio\\triploop\\src\\lib\\feature-flags.ts": {"path":"C:\\Users\\carlo\\OneDrive\\Escritorio\\triploop\\src\\lib\\feature-flags.ts","statementMap":{"0":{"start":{"line":36,"column":46},"end":{"line":47,"column":null}},"1":{"start":{"line":49,"column":48},"end":{"line":51,"column":null}},"2":{"start":{"line":50,"column":23},"end":{"line":50,"column":41}},"3":{"start":{"line":54,"column":18},"end":{"line":54,"column":null}},"4":{"start":{"line":61,"column":2},"end":{"line":61,"column":null}},"5":{"start":{"line":61,"column":27},"end":{"line":61,"column":null}},"6":{"start":{"line":62,"column":12},"end":{"line":62,"column":null}},"7":{"start":{"line":63,"column":2},"end":{"line":63,"column":null}},"8":{"start":{"line":63,"column":62},"end":{"line":63,"column":null}},"9":{"start":{"line":64,"column":2},"end":{"line":64,"column":null}},"10":{"start":{"line":64,"column":63},"end":{"line":64,"column":null}},"11":{"start":{"line":65,"column":2},"end":{"line":65,"column":null}},"12":{"start":{"line":70,"column":17},"end":{"line":70,"column":null}},"13":{"start":{"line":71,"column":2},"end":{"line":71,"column":null}},"14":{"start":{"line":78,"column":2},"end":{"line":78,"column":null}},"15":{"start":{"line":78,"column":26},"end":{"line":78,"column":null}},"16":{"start":{"line":79,"column":14},"end":{"line":79,"column":null}},"17":{"start":{"line":80,"column":2},"end":{"line":80,"column":null}},"18":{"start":{"line":80,"column":25},"end":{"line":80,"column":null}},"19":{"start":{"line":81,"column":2},"end":{"line":81,"column":null}},"20":{"start":{"line":89,"column":15},"end":{"line":89,"column":null}},"21":{"start":{"line":90,"column":2},"end":{"line":90,"column":null}},"22":{"start":{"line":91,"column":2},"end":{"line":91,"column":null}},"23":{"start":{"line":98,"column":2},"end":{"line":98,"column":null}},"24":{"start":{"line":111,"column":2},"end":{"line":128,"column":null}},"25":{"start":{"line":114,"column":4},"end":{"line":126,"column":null}},"26":{"start":{"line":115,"column":6},"end":{"line":115,"column":null}},"27":{"start":{"line":116,"column":6},"end":{"line":116,"column":null}},"28":{"start":{"line":118,"column":18},"end":{"line":118,"column":null}},"29":{"start":{"line":119,"column":6},"end":{"line":125,"column":null}},"30":{"start":{"line":120,"column":8},"end":{"line":120,"column":null}},"31":{"start":{"line":121,"column":8},"end":{"line":121,"column":null}},"32":{"start":{"line":123,"column":8},"end":{"line":123,"column":null}},"33":{"start":{"line":124,"column":8},"end":{"line":124,"column":null}},"34":{"start":{"line":127,"column":4},"end":{"line":127,"column":null}}},"fnMap":{"0":{"name":"(anonymous_0)","decl":{"start":{"line":50,"column":12},"end":{"line":50,"column":17}},"loc":{"start":{"line":50,"column":23},"end":{"line":50,"column":41}},"line":50},"1":{"name":"parseFlagEnv","decl":{"start":{"line":60,"column":16},"end":{"line":60,"column":29}},"loc":{"start":{"line":60,"column":77},"end":{"line":66,"column":null}},"line":60},"2":{"name":"envFor","decl":{"start":{"line":68,"column":9},"end":{"line":68,"column":16}},"loc":{"start":{"line":68,"column":51},"end":{"line":72,"column":null}},"line":68},"3":{"name":"getFlag","decl":{"start":{"line":77,"column":16},"end":{"line":77,"column":24}},"loc":{"start":{"line":77,"column":47},"end":{"line":82,"column":null}},"line":77},"4":{"name":"setFlag","decl":{"start":{"line":88,"column":16},"end":{"line":88,"column":24}},"loc":{"start":{"line":88,"column":63},"end":{"line":92,"column":null}},"line":88},"5":{"name":"clearFlag","decl":{"start":{"line":97,"column":16},"end":{"line":97,"column":26}},"loc":{"start":{"line":97,"column":46},"end":{"line":99,"column":null}},"line":97},"6":{"name":"getAllFlags","decl":{"start":{"line":105,"column":16},"end":{"line":105,"column":null}},"loc":{"start":{"line":110,"column":3},"end":{"line":129,"column":null}},"line":110},"7":{"name":"(anonymous_7)","decl":{"start":{"line":111,"column":19},"end":{"line":111,"column":24}},"loc":{"start":{"line":111,"column":33},"end":{"line":128,"column":3}},"line":111}},"branchMap":{"0":{"loc":{"start":{"line":61,"column":2},"end":{"line":61,"column":null}},"type":"if","locations":[{"start":{"line":61,"column":2},"end":{"line":61,"column":null}},{"start":{},"end":{}}],"line":61},"1":{"loc":{"start":{"line":63,"column":2},"end":{"line":63,"column":null}},"type":"if","locations":[{"start":{"line":63,"column":2},"end":{"line":63,"column":null}},{"start":{},"end":{}}],"line":63},"2":{"loc":{"start":{"line":63,"column":6},"end":{"line":63,"column":62}},"type":"binary-expr","locations":[{"start":{"line":63,"column":6},"end":{"line":63,"column":22}},{"start":{"line":63,"column":22},"end":{"line":63,"column":35}},{"start":{"line":63,"column":35},"end":{"line":63,"column":49}},{"start":{"line":63,"column":49},"end":{"line":63,"column":62}}],"line":63},"3":{"loc":{"start":{"line":64,"column":2},"end":{"line":64,"column":null}},"type":"if","locations":[{"start":{"line":64,"column":2},"end":{"line":64,"column":null}},{"start":{},"end":{}}],"line":64},"4":{"loc":{"start":{"line":64,"column":6},"end":{"line":64,"column":63}},"type":"binary-expr","locations":[{"start":{"line":64,"column":6},"end":{"line":64,"column":23}},{"start":{"line":64,"column":23},"end":{"line":64,"column":36}},{"start":{"line":64,"column":36},"end":{"line":64,"column":51}},{"start":{"line":64,"column":51},"end":{"line":64,"column":63}}],"line":64},"5":{"loc":{"start":{"line":78,"column":2},"end":{"line":78,"column":null}},"type":"if","locations":[{"start":{"line":78,"column":2},"end":{"line":78,"column":null}},{"start":{},"end":{}}],"line":78},"6":{"loc":{"start":{"line":80,"column":2},"end":{"line":80,"column":null}},"type":"if","locations":[{"start":{"line":80,"column":2},"end":{"line":80,"column":null}},{"start":{},"end":{}}],"line":80},"7":{"loc":{"start":{"line":114,"column":4},"end":{"line":126,"column":null}},"type":"if","locations":[{"start":{"line":114,"column":4},"end":{"line":126,"column":null}},{"start":{"line":117,"column":11},"end":{"line":126,"column":null}}],"line":114},"8":{"loc":{"start":{"line":119,"column":6},"end":{"line":125,"column":null}},"type":"if","locations":[{"start":{"line":119,"column":6},"end":{"line":125,"column":null}},{"start":{"line":122,"column":13},"end":{"line":125,"column":null}}],"line":119}},"s":{"0":1,"1":1,"2":10,"3":1,"4":42,"5":26,"6":16,"7":16,"8":5,"9":11,"10":8,"11":3,"12":28,"13":28,"14":15,"15":6,"16":9,"17":9,"18":3,"19":6,"20":7,"21":7,"22":7,"23":123,"24":2,"25":20,"26":1,"27":1,"28":19,"29":19,"30":0,"31":0,"32":19,"33":19,"34":20},"f":{"0":10,"1":42,"2":28,"3":15,"4":7,"5":123,"6":2,"7":20},"b":{"0":[26,16],"1":[5,11],"2":[16,14,13,12],"3":[8,3],"4":[11,6,5,4],"5":[6,9],"6":[3,6],"7":[1,19],"8":[0,19]},"meta":{"lastBranch":9,"lastFunction":8,"lastStatement":35,"seen":{"s:36:46:47:Infinity":0,"s:49:48:51:Infinity":1,"f:50:12:50:17":0,"s:50:23:50:41":2,"s:54:18:54:Infinity":3,"f:60:16:60:29":1,"b:61:2:61:Infinity:undefined:undefined:undefined:undefined":0,"s:61:2:61:Infinity":4,"s:61:27:61:Infinity":5,"s:62:12:62:Infinity":6,"b:63:2:63:Infinity:undefined:undefined:undefined:undefined":1,"s:63:2:63:Infinity":7,"b:63:6:63:22:63:22:63:35:63:35:63:49:63:49:63:62":2,"s:63:62:63:Infinity":8,"b:64:2:64:Infinity:undefined:undefined:undefined:undefined":3,"s:64:2:64:Infinity":9,"b:64:6:64:23:64:23:64:36:64:36:64:51:64:51:64:63":4,"s:64:63:64:Infinity":10,"s:65:2:65:Infinity":11,"f:68:9:68:16":2,"s:70:17:70:Infinity":12,"s:71:2:71:Infinity":13,"f:77:16:77:24":3,"b:78:2:78:Infinity:undefined:undefined:undefined:undefined":5,"s:78:2:78:Infinity":14,"s:78:26:78:Infinity":15,"s:79:14:79:Infinity":16,"b:80:2:80:Infinity:undefined:undefined:undefined:undefined":6,"s:80:2:80:Infinity":17,"s:80:25:80:Infinity":18,"s:81:2:81:Infinity":19,"f:88:16:88:24":4,"s:89:15:89:Infinity":20,"s:90:2:90:Infinity":21,"s:91:2:91:Infinity":22,"f:97:16:97:26":5,"s:98:2:98:Infinity":23,"f:105:16:105:Infinity":6,"s:111:2:128:Infinity":24,"f:111:19:111:24":7,"b:114:4:126:Infinity:117:11:126:Infinity":7,"s:114:4:126:Infinity":25,"s:115:6:115:Infinity":26,"s:116:6:116:Infinity":27,"s:118:18:118:Infinity":28,"b:119:6:125:Infinity:122:13:125:Infinity":8,"s:119:6:125:Infinity":29,"s:120:8:120:Infinity":30,"s:121:8:121:Infinity":31,"s:123:8:123:Infinity":32,"s:124:8:124:Infinity":33,"s:127:4:127:Infinity":34},"fnNames":{}}}
,"C:\\Users\\carlo\\OneDrive\\Escritorio\\triploop\\src\\lib\\format.ts": {"path":"C:\\Users\\carlo\\OneDrive\\Escritorio\\triploop\\src\\lib\\format.ts","statementMap":{"0":{"start":{"line":4,"column":2},"end":{"line":9,"column":null}},"1":{"start":{"line":5,"column":15},"end":{"line":5,"column":null}},"2":{"start":{"line":6,"column":4},"end":{"line":8,"column":null}},"3":{"start":{"line":10,"column":13},"end":{"line":10,"column":null}},"4":{"start":{"line":11,"column":2},"end":{"line":13,"column":null}},"5":{"start":{"line":17,"column":12},"end":{"line":17,"column":null}},"6":{"start":{"line":18,"column":12},"end":{"line":18,"column":null}},"7":{"start":{"line":19,"column":15},"end":{"line":19,"column":null}},"8":{"start":{"line":20,"column":2},"end":{"line":20,"column":null}},"9":{"start":{"line":20,"column":14},"end":{"line":20,"column":null}},"10":{"start":{"line":21,"column":2},"end":{"line":21,"column":null}},"11":{"start":{"line":21,"column":14},"end":{"line":21,"column":null}},"12":{"start":{"line":22,"column":2},"end":{"line":22,"column":null}},"13":{"start":{"line":26,"column":13},"end":{"line":26,"column":null}},"14":{"start":{"line":27,"column":13},"end":{"line":27,"column":null}},"15":{"start":{"line":28,"column":2},"end":{"line":28,"column":null}}},"fnMap":{"0":{"name":"formatDistance","decl":{"start":{"line":3,"column":16},"end":{"line":3,"column":31}},"loc":{"start":{"line":3,"column":90},"end":{"line":14,"column":null}},"line":3},"1":{"name":"formatDuration","decl":{"start":{"line":16,"column":16},"end":{"line":16,"column":31}},"loc":{"start":{"line":16,"column":71},"end":{"line":23,"column":null}},"line":16},"2":{"name":"formatBothUnits","decl":{"start":{"line":25,"column":16},"end":{"line":25,"column":32}},"loc":{"start":{"line":25,"column":71},"end":{"line":29,"column":null}},"line":25}},"branchMap":{"0":{"loc":{"start":{"line":3,"column":67},"end":{"line":3,"column":90}},"type":"default-arg","locations":[{"start":{"line":3,"column":76},"end":{"line":3,"column":90}}],"line":3},"1":{"loc":{"start":{"line":4,"column":2},"end":{"line":9,"column":null}},"type":"if","locations":[{"start":{"line":4,"column":2},"end":{"line":9,"column":null}},{"start":{},"end":{}}],"line":4},"2":{"loc":{"start":{"line":6,"column":11},"end":{"line":8,"column":null}},"type":"cond-expr","locations":[{"start":{"line":6,"column":22},"end":{"line":6,"column":null}},{"start":{"line":7,"column":8},"end":{"line":8,"column":null}}],"line":6},"3":{"loc":{"start":{"line":7,"column":8},"end":{"line":8,"column":null}},"type":"cond-expr","locations":[{"start":{"line":7,"column":18},"end":{"line":7,"column":null}},{"start":{"line":8,"column":8},"end":{"line":8,"column":null}}],"line":7},"4":{"loc":{"start":{"line":11,"column":9},"end":{"line":13,"column":null}},"type":"cond-expr","locations":[{"start":{"line":11,"column":18},"end":{"line":11,"column":null}},{"start":{"line":12,"column":6},"end":{"line":13,"column":null}}],"line":11},"5":{"loc":{"start":{"line":12,"column":6},"end":{"line":13,"column":null}},"type":"cond-expr","locations":[{"start":{"line":12,"column":16},"end":{"line":12,"column":null}},{"start":{"line":13,"column":6},"end":{"line":13,"column":null}}],"line":12},"6":{"loc":{"start":{"line":16,"column":48},"end":{"line":16,"column":71}},"type":"default-arg","locations":[{"start":{"line":16,"column":57},"end":{"line":16,"column":71}}],"line":16},"7":{"loc":{"start":{"line":20,"column":2},"end":{"line":20,"column":null}},"type":"if","locations":[{"start":{"line":20,"column":2},"end":{"line":20,"column":null}},{"start":{},"end":{}}],"line":20},"8":{"loc":{"start":{"line":20,"column":21},"end":{"line":20,"column":null}},"type":"cond-expr","locations":[{"start":{"line":20,"column":28},"end":{"line":20,"column":41}},{"start":{"line":20,"column":41},"end":{"line":20,"column":null}}],"line":20},"9":{"loc":{"start":{"line":21,"column":2},"end":{"line":21,"column":null}},"type":"if","locations":[{"start":{"line":21,"column":2},"end":{"line":21,"column":null}},{"start":{},"end":{}}],"line":21},"10":{"loc":{"start":{"line":25,"column":48},"end":{"line":25,"column":71}},"type":"default-arg","locations":[{"start":{"line":25,"column":57},"end":{"line":25,"column":71}}],"line":25}},"s":{"0":0,"1":0,"2":0,"3":0,"4":0,"5":0,"6":0,"7":0,"8":0,"9":0,"10":0,"11":0,"12":0,"13":0,"14":0,"15":0},"f":{"0":0,"1":0,"2":0},"b":{"0":[0],"1":[0,0],"2":[0,0],"3":[0,0],"4":[0,0],"5":[0,0],"6":[0],"7":[0,0],"8":[0,0],"9":[0,0],"10":[0]},"meta":{"lastBranch":11,"lastFunction":3,"lastStatement":16,"seen":{"f:3:16:3:31":0,"b:3:76:3:90":0,"b:4:2:9:Infinity:undefined:undefined:undefined:undefined":1,"s:4:2:9:Infinity":0,"s:5:15:5:Infinity":1,"s:6:4:8:Infinity":2,"b:6:22:6:Infinity:7:8:8:Infinity":2,"b:7:18:7:Infinity:8:8:8:Infinity":3,"s:10:13:10:Infinity":3,"s:11:2:13:Infinity":4,"b:11:18:11:Infinity:12:6:13:Infinity":4,"b:12:16:12:Infinity:13:6:13:Infinity":5,"f:16:16:16:31":1,"b:16:57:16:71":6,"s:17:12:17:Infinity":5,"s:18:12:18:Infinity":6,"s:19:15:19:Infinity":7,"b:20:2:20:Infinity:undefined:undefined:undefined:undefined":7,"s:20:2:20:Infinity":8,"s:20:14:20:Infinity":9,"b:20:28:20:41:20:41:20:Infinity":8,"b:21:2:21:Infinity:undefined:undefined:undefined:undefined":9,"s:21:2:21:Infinity":10,"s:21:14:21:Infinity":11,"s:22:2:22:Infinity":12,"f:25:16:25:32":2,"b:25:57:25:71":10,"s:26:13:26:Infinity":13,"s:27:13:27:Infinity":14,"s:28:2:28:Infinity":15},"fnNames":{}}}
,"C:\\Users\\carlo\\OneDrive\\Escritorio\\triploop\\src\\lib\\geocode-free.ts": {"path":"C:\\Users\\carlo\\OneDrive\\Escritorio\\triploop\\src\\lib\\geocode-free.ts","statementMap":{"0":{"start":{"line":5,"column":19},"end":{"line":5,"column":null}},"1":{"start":{"line":26,"column":14},"end":{"line":26,"column":null}},"2":{"start":{"line":27,"column":2},"end":{"line":27,"column":null}},"3":{"start":{"line":28,"column":2},"end":{"line":28,"column":null}},"4":{"start":{"line":29,"column":2},"end":{"line":29,"column":null}},"5":{"start":{"line":30,"column":2},"end":{"line":30,"column":null}},"6":{"start":{"line":31,"column":2},"end":{"line":31,"column":null}},"7":{"start":{"line":31,"column":24},"end":{"line":31,"column":null}},"8":{"start":{"line":32,"column":2},"end":{"line":35,"column":null}},"9":{"start":{"line":33,"column":4},"end":{"line":33,"column":null}},"10":{"start":{"line":34,"column":4},"end":{"line":34,"column":null}},"11":{"start":{"line":36,"column":2},"end":{"line":57,"column":null}},"12":{"start":{"line":37,"column":14},"end":{"line":39,"column":null}},"13":{"start":{"line":40,"column":4},"end":{"line":40,"column":null}},"14":{"start":{"line":40,"column":14},"end":{"line":40,"column":null}},"15":{"start":{"line":41,"column":17},"end":{"line":41,"column":null}},"16":{"start":{"line":48,"column":4},"end":{"line":56,"column":null}},"17":{"start":{"line":48,"column":26},"end":{"line":56,"column":6}},"18":{"start":{"line":57,"column":12},"end":{"line":57,"column":23}},"19":{"start":{"line":69,"column":14},"end":{"line":69,"column":null}},"20":{"start":{"line":70,"column":2},"end":{"line":70,"column":null}},"21":{"start":{"line":71,"column":2},"end":{"line":71,"column":null}},"22":{"start":{"line":72,"column":2},"end":{"line":72,"column":null}},"23":{"start":{"line":72,"column":16},"end":{"line":72,"column":null}},"24":{"start":{"line":73,"column":2},"end":{"line":76,"column":null}},"25":{"start":{"line":74,"column":4},"end":{"line":74,"column":null}},"26":{"start":{"line":75,"column":4},"end":{"line":75,"column":null}},"27":{"start":{"line":77,"column":2},"end":{"line":95,"column":null}},"28":{"start":{"line":78,"column":14},"end":{"line":78,"column":null}},"29":{"start":{"line":79,"column":4},"end":{"line":79,"column":null}},"30":{"start":{"line":79,"column":14},"end":{"line":79,"column":null}},"31":{"start":{"line":80,"column":17},"end":{"line":80,"column":null}},"32":{"start":{"line":86,"column":4},"end":{"line":94,"column":null}},"33":{"start":{"line":86,"column":43},"end":{"line":94,"column":6}},"34":{"start":{"line":95,"column":12},"end":{"line":95,"column":23}},"35":{"start":{"line":103,"column":17},"end":{"line":103,"column":null}},"36":{"start":{"line":104,"column":2},"end":{"line":104,"column":null}},"37":{"start":{"line":104,"column":24},"end":{"line":104,"column":null}},"38":{"start":{"line":105,"column":20},"end":{"line":105,"column":null}},"39":{"start":{"line":106,"column":2},"end":{"line":106,"column":null}}},"fnMap":{"0":{"name":"geocodeNominatim","decl":{"start":{"line":21,"column":22},"end":{"line":21,"column":39}},"loc":{"start":{"line":25,"column":38},"end":{"line":58,"column":null}},"line":25},"1":{"name":"(anonymous_1)","decl":{"start":{"line":48,"column":16},"end":{"line":48,"column":20}},"loc":{"start":{"line":48,"column":26},"end":{"line":56,"column":6}},"line":48},"2":{"name":"geocodePhoton","decl":{"start":{"line":64,"column":22},"end":{"line":64,"column":36}},"loc":{"start":{"line":68,"column":38},"end":{"line":96,"column":null}},"line":68},"3":{"name":"(anonymous_3)","decl":{"start":{"line":86,"column":33},"end":{"line":86,"column":37}},"loc":{"start":{"line":86,"column":43},"end":{"line":94,"column":6}},"line":86},"4":{"name":"geocodeFree","decl":{"start":{"line":102,"column":22},"end":{"line":102,"column":34}},"loc":{"start":{"line":102,"column":143},"end":{"line":107,"column":null}},"line":102}},"branchMap":{"0":{"loc":{"start":{"line":21,"column":54},"end":{"line":25,"column":38}},"type":"default-arg","locations":[{"start":{"line":25,"column":4},"end":{"line":25,"column":38}}],"line":21},"1":{"loc":{"start":{"line":29,"column":39},"end":{"line":29,"column":54}},"type":"binary-expr","locations":[{"start":{"line":29,"column":39},"end":{"line":29,"column":53}},{"start":{"line":29,"column":53},"end":{"line":29,"column":54}}],"line":29},"2":{"loc":{"start":{"line":31,"column":2},"end":{"line":31,"column":null}},"type":"if","locations":[{"start":{"line":31,"column":2},"end":{"line":31,"column":null}},{"start":{},"end":{}}],"line":31},"3":{"loc":{"start":{"line":32,"column":2},"end":{"line":35,"column":null}},"type":"if","locations":[{"start":{"line":32,"column":2},"end":{"line":35,"column":null}},{"start":{},"end":{}}],"line":32},"4":{"loc":{"start":{"line":40,"column":4},"end":{"line":40,"column":null}},"type":"if","locations":[{"start":{"line":40,"column":4},"end":{"line":40,"column":null}},{"start":{},"end":{}}],"line":40},"5":{"loc":{"start":{"line":49,"column":12},"end":{"line":49,"column":null}},"type":"binary-expr","locations":[{"start":{"line":49,"column":12},"end":{"line":49,"column":22}},{"start":{"line":49,"column":22},"end":{"line":49,"column":null}}],"line":49},"6":{"loc":{"start":{"line":53,"column":14},"end":{"line":53,"column":34}},"type":"binary-expr","locations":[{"start":{"line":53,"column":14},"end":{"line":53,"column":25}},{"start":{"line":53,"column":25},"end":{"line":53,"column":34}}],"line":53},"7":{"loc":{"start":{"line":53,"column":34},"end":{"line":53,"column":46}},"type":"binary-expr","locations":[{"start":{"line":53,"column":34},"end":{"line":53,"column":44}},{"start":{"line":53,"column":44},"end":{"line":53,"column":46}}],"line":53},"8":{"loc":{"start":{"line":54,"column":14},"end":{"line":54,"column":null}},"type":"cond-expr","locations":[{"start":{"line":54,"column":25},"end":{"line":54,"column":44}},{"start":{"line":54,"column":44},"end":{"line":54,"column":null}}],"line":54},"9":{"loc":{"start":{"line":64,"column":51},"end":{"line":68,"column":38}},"type":"default-arg","locations":[{"start":{"line":68,"column":4},"end":{"line":68,"column":38}}],"line":64},"10":{"loc":{"start":{"line":71,"column":39},"end":{"line":71,"column":54}},"type":"binary-expr","locations":[{"start":{"line":71,"column":39},"end":{"line":71,"column":53}},{"start":{"line":71,"column":53},"end":{"line":71,"column":54}}],"line":71},"11":{"loc":{"start":{"line":72,"column":2},"end":{"line":72,"column":null}},"type":"if","locations":[{"start":{"line":72,"column":2},"end":{"line":72,"column":null}},{"start":{},"end":{}}],"line":72},"12":{"loc":{"start":{"line":73,"column":2},"end":{"line":76,"column":null}},"type":"if","locations":[{"start":{"line":73,"column":2},"end":{"line":76,"column":null}},{"start":{},"end":{}}],"line":73},"13":{"loc":{"start":{"line":73,"column":5},"end":{"line":73,"column":26}},"type":"binary-expr","locations":[{"start":{"line":73,"column":5},"end":{"line":73,"column":17}},{"start":{"line":73,"column":17},"end":{"line":73,"column":26}}],"line":73},"14":{"loc":{"start":{"line":79,"column":4},"end":{"line":79,"column":null}},"type":"if","locations":[{"start":{"line":79,"column":4},"end":{"line":79,"column":null}},{"start":{},"end":{}}],"line":79},"15":{"loc":{"start":{"line":86,"column":12},"end":{"line":86,"column":31}},"type":"binary-expr","locations":[{"start":{"line":86,"column":12},"end":{"line":86,"column":29}},{"start":{"line":86,"column":29},"end":{"line":86,"column":31}}],"line":86},"16":{"loc":{"start":{"line":87,"column":12},"end":{"line":87,"column":null}},"type":"binary-expr","locations":[{"start":{"line":87,"column":12},"end":{"line":87,"column":33}},{"start":{"line":87,"column":33},"end":{"line":87,"column":null}}],"line":87},"17":{"loc":{"start":{"line":91,"column":13},"end":{"line":91,"column":null}},"type":"cond-expr","locations":[{"start":{"line":91,"column":33},"end":{"line":91,"column":55}},{"start":{"line":91,"column":55},"end":{"line":91,"column":null}}],"line":91},"18":{"loc":{"start":{"line":92,"column":14},"end":{"line":92,"column":null}},"type":"cond-expr","locations":[{"start":{"line":92,"column":36},"end":{"line":92,"column":66}},{"start":{"line":92,"column":66},"end":{"line":92,"column":null}}],"line":92},"19":{"loc":{"start":{"line":104,"column":2},"end":{"line":104,"column":null}},"type":"if","locations":[{"start":{"line":104,"column":2},"end":{"line":104,"column":null}},{"start":{},"end":{}}],"line":104},"20":{"loc":{"start":{"line":106,"column":9},"end":{"line":106,"column":null}},"type":"binary-expr","locations":[{"start":{"line":106,"column":9},"end":{"line":106,"column":25}},{"start":{"line":106,"column":25},"end":{"line":106,"column":null}}],"line":106}},"s":{"0":0,"1":0,"2":0,"3":0,"4":0,"5":0,"6":0,"7":0,"8":0,"9":0,"10":0,"11":0,"12":0,"13":0,"14":0,"15":0,"16":0,"17":0,"18":0,"19":0,"20":0,"21":0,"22":0,"23":0,"24":0,"25":0,"26":0,"27":0,"28":0,"29":0,"30":0,"31":0,"32":0,"33":0,"34":0,"35":0,"36":0,"37":0,"38":0,"39":0},"f":{"0":0,"1":0,"2":0,"3":0,"4":0},"b":{"0":[0],"1":[0,0],"2":[0,0],"3":[0,0],"4":[0,0],"5":[0,0],"6":[0,0],"7":[0,0],"8":[0,0],"9":[0],"10":[0,0],"11":[0,0],"12":[0,0],"13":[0,0],"14":[0,0],"15":[0,0],"16":[0,0],"17":[0,0],"18":[0,0],"19":[0,0],"20":[0,0]},"meta":{"lastBranch":21,"lastFunction":5,"lastStatement":40,"seen":{"s:5:19:5:Infinity":0,"f:21:22:21:39":0,"b:25:4:25:38":0,"s:26:14:26:Infinity":1,"s:27:2:27:Infinity":2,"s:28:2:28:Infinity":3,"s:29:2:29:Infinity":4,"b:29:39:29:53:29:53:29:54":1,"s:30:2:30:Infinity":5,"b:31:2:31:Infinity:undefined:undefined:undefined:undefined":2,"s:31:2:31:Infinity":6,"s:31:24:31:Infinity":7,"b:32:2:35:Infinity:undefined:undefined:undefined:undefined":3,"s:32:2:35:Infinity":8,"s:33:4:33:Infinity":9,"s:34:4:34:Infinity":10,"s:36:2:57:Infinity":11,"s:37:14:39:Infinity":12,"b:40:4:40:Infinity:undefined:undefined:undefined:undefined":4,"s:40:4:40:Infinity":13,"s:40:14:40:Infinity":14,"s:41:17:41:Infinity":15,"s:48:4:56:Infinity":16,"f:48:16:48:20":1,"s:48:26:56:6":17,"b:49:12:49:22:49:22:49:Infinity":5,"b:53:14:53:25:53:25:53:34":6,"b:53:34:53:44:53:44:53:46":7,"b:54:25:54:44:54:44:54:Infinity":8,"s:57:12:57:23":18,"f:64:22:64:36":2,"b:68:4:68:38":9,"s:69:14:69:Infinity":19,"s:70:2:70:Infinity":20,"s:71:2:71:Infinity":21,"b:71:39:71:53:71:53:71:54":10,"b:72:2:72:Infinity:undefined:undefined:undefined:undefined":11,"s:72:2:72:Infinity":22,"s:72:16:72:Infinity":23,"b:73:2:76:Infinity:undefined:undefined:undefined:undefined":12,"s:73:2:76:Infinity":24,"b:73:5:73:17:73:17:73:26":13,"s:74:4:74:Infinity":25,"s:75:4:75:Infinity":26,"s:77:2:95:Infinity":27,"s:78:14:78:Infinity":28,"b:79:4:79:Infinity:undefined:undefined:undefined:undefined":14,"s:79:4:79:Infinity":29,"s:79:14:79:Infinity":30,"s:80:17:80:Infinity":31,"s:86:4:94:Infinity":32,"b:86:12:86:29:86:29:86:31":15,"f:86:33:86:37":3,"s:86:43:94:6":33,"b:87:12:87:33:87:33:87:Infinity":16,"b:91:33:91:55:91:55:91:Infinity":17,"b:92:36:92:66:92:66:92:Infinity":18,"s:95:12:95:23":34,"f:102:22:102:34":4,"s:103:17:103:Infinity":35,"b:104:2:104:Infinity:undefined:undefined:undefined:undefined":19,"s:104:2:104:Infinity":36,"s:104:24:104:Infinity":37,"s:105:20:105:Infinity":38,"s:106:2:106:Infinity":39,"b:106:9:106:25:106:25:106:Infinity":20},"fnNames":{}}}
,"C:\\Users\\carlo\\OneDrive\\Escritorio\\triploop\\src\\lib\\markdown.ts": {"path":"C:\\Users\\carlo\\OneDrive\\Escritorio\\triploop\\src\\lib\\markdown.ts","statementMap":{"0":{"start":{"line":5,"column":2},"end":{"line":5,"column":null}},"1":{"start":{"line":10,"column":12},"end":{"line":10,"column":null}},"2":{"start":{"line":12,"column":2},"end":{"line":17,"column":null}},"3":{"start":{"line":13,"column":20},"end":{"line":13,"column":null}},"4":{"start":{"line":14,"column":23},"end":{"line":14,"column":null}},"5":{"start":{"line":15,"column":18},"end":{"line":15,"column":null}},"6":{"start":{"line":16,"column":4},"end":{"line":16,"column":null}},"7":{"start":{"line":19,"column":2},"end":{"line":19,"column":null}},"8":{"start":{"line":21,"column":2},"end":{"line":21,"column":null}},"9":{"start":{"line":23,"column":2},"end":{"line":23,"column":null}},"10":{"start":{"line":24,"column":2},"end":{"line":24,"column":null}},"11":{"start":{"line":28,"column":16},"end":{"line":28,"column":null}},"12":{"start":{"line":29,"column":25},"end":{"line":29,"column":null}},"13":{"start":{"line":30,"column":29},"end":{"line":30,"column":null}},"14":{"start":{"line":31,"column":37},"end":{"line":31,"column":null}},"15":{"start":{"line":32,"column":29},"end":{"line":32,"column":null}},"16":{"start":{"line":33,"column":21},"end":{"line":33,"column":null}},"17":{"start":{"line":34,"column":27},"end":{"line":34,"column":null}},"18":{"start":{"line":36,"column":8},"end":{"line":42,"column":null}},"19":{"start":{"line":37,"column":4},"end":{"line":37,"column":null}},"20":{"start":{"line":37,"column":32},"end":{"line":37,"column":null}},"21":{"start":{"line":38,"column":16},"end":{"line":38,"column":null}},"22":{"start":{"line":39,"column":16},"end":{"line":39,"column":null}},"23":{"start":{"line":40,"column":4},"end":{"line":40,"column":null}},"24":{"start":{"line":41,"column":4},"end":{"line":41,"column":21}},"25":{"start":{"line":41,"column":21},"end":{"line":41,"column":null}},"26":{"start":{"line":43,"column":8},"end":{"line":47,"column":null}},"27":{"start":{"line":44,"column":4},"end":{"line":44,"column":null}},"28":{"start":{"line":44,"column":32},"end":{"line":44,"column":null}},"29":{"start":{"line":45,"column":4},"end":{"line":45,"column":null}},"30":{"start":{"line":46,"column":4},"end":{"line":46,"column":null}},"31":{"start":{"line":48,"column":8},"end":{"line":52,"column":null}},"32":{"start":{"line":49,"column":4},"end":{"line":49,"column":null}},"33":{"start":{"line":49,"column":30},"end":{"line":49,"column":null}},"34":{"start":{"line":50,"column":4},"end":{"line":50,"column":null}},"35":{"start":{"line":51,"column":4},"end":{"line":51,"column":19}},"36":{"start":{"line":51,"column":19},"end":{"line":51,"column":null}},"37":{"start":{"line":54,"column":2},"end":{"line":107,"column":null}},"38":{"start":{"line":55,"column":17},"end":{"line":55,"column":null}},"39":{"start":{"line":56,"column":4},"end":{"line":59,"column":null}},"40":{"start":{"line":57,"column":6},"end":{"line":57,"column":19}},"41":{"start":{"line":57,"column":19},"end":{"line":57,"column":32}},"42":{"start":{"line":57,"column":32},"end":{"line":57,"column":null}},"43":{"start":{"line":58,"column":6},"end":{"line":58,"column":null}},"44":{"start":{"line":62,"column":4},"end":{"line":66,"column":null}},"45":{"start":{"line":63,"column":6},"end":{"line":63,"column":19}},"46":{"start":{"line":63,"column":19},"end":{"line":63,"column":32}},"47":{"start":{"line":63,"column":32},"end":{"line":63,"column":null}},"48":{"start":{"line":64,"column":6},"end":{"line":64,"column":null}},"49":{"start":{"line":65,"column":6},"end":{"line":65,"column":null}},"50":{"start":{"line":67,"column":4},"end":{"line":71,"column":null}},"51":{"start":{"line":68,"column":6},"end":{"line":68,"column":19}},"52":{"start":{"line":68,"column":19},"end":{"line":68,"column":32}},"53":{"start":{"line":68,"column":32},"end":{"line":68,"column":null}},"54":{"start":{"line":69,"column":6},"end":{"line":69,"column":null}},"55":{"start":{"line":70,"column":6},"end":{"line":70,"column":null}},"56":{"start":{"line":72,"column":4},"end":{"line":76,"column":null}},"57":{"
[...]
":{"start":{"line":57,"column":9},"end":{"line":57,"column":47}},"type":"binary-expr","locations":[{"start":{"line":57,"column":9},"end":{"line":57,"column":23}},{"start":{"line":57,"column":23},"end":{"line":57,"column":47}}],"line":57},"11":{"loc":{"start":{"line":68,"column":22},"end":{"line":68,"column":null}},"type":"binary-expr","locations":[{"start":{"line":68,"column":22},"end":{"line":68,"column":49}},{"start":{"line":68,"column":49},"end":{"line":68,"column":null}}],"line":68},"12":{"loc":{"start":{"line":69,"column":22},"end":{"line":69,"column":null}},"type":"binary-expr","locations":[{"start":{"line":69,"column":22},"end":{"line":69,"column":49}},{"start":{"line":69,"column":49},"end":{"line":69,"column":null}}],"line":69},"13":{"loc":{"start":{"line":70,"column":17},"end":{"line":70,"column":null}},"type":"binary-expr","locations":[{"start":{"line":70,"column":17},"end":{"line":70,"column":31}},{"start":{"line":70,"column":31},"end":{"line":70,"column":null}}],"line":70},"14":{"loc":{"start":{"line":71,"column":6},"end":{"line":71,"column":null}},"type":"if","locations":[{"start":{"line":71,"column":6},"end":{"line":71,"column":null}},{"start":{},"end":{}}],"line":71},"15":{"loc":{"start":{"line":71,"column":9},"end":{"line":71,"column":46}},"type":"binary-expr","locations":[{"start":{"line":71,"column":9},"end":{"line":71,"column":23}},{"start":{"line":71,"column":23},"end":{"line":71,"column":46}}],"line":71}},"s":{"0":0,"1":0,"2":0,"3":0,"4":0,"5":0,"6":0,"7":0,"8":0,"9":0,"10":0,"11":0,"12":0,"13":0,"14":0,"15":0,"16":0,"17":0,"18":0,"19":0,"20":0,"21":0,"22":0,"23":0,"24":0,"25":0,"26":0,"27":0,"28":0,"29":0,"30":0,"31":0,"32":0,"33":0,"34":0,"35":0,"36":0,"37":0,"38":0,"39":0,"40":0,"41":0,"42":0,"43":0,"44":0,"45":0,"46":0},"f":{"0":0,"1":0,"2":0,"3":0,"4":0,"5":0,"6":0},"b":{"0":[0,0],"1":[0,0],"2":[0,0],"3":[0,0],"4":[0,0],"5":[0,0],"6":[0,0],"7":[0,0],"8":[0,0],"9":[0,0],"10":[0,0],"11":[0,0],"12":[0,0],"13":[0,0],"14":[0,0],"15":[0,0]},"meta":{"lastBranch":16,"lastFunction":7,"lastStatement":47,"seen":{"s:1:0:1:Infinity":0,"s:11:23:11:Infinity":1,"f:20:16:20:37":0,"s:21:21:21:Infinity":2,"s:22:28:22:Infinity":3,"s:25:28:34:Infinity":4,"f:25:28:25:41":1,"s:26:4:26:Infinity":5,"b:28:4:33:Infinity:undefined:undefined:undefined:undefined":0,"s:28:4:33:Infinity":6,"s:29:21:29:Infinity":7,"s:30:6:32:Infinity":8,"b:31:8:31:Infinity:undefined:undefined:undefined:undefined":1,"s:31:8:31:Infinity":9,"s:31:23:31:Infinity":10,"s:36:21:43:Infinity":11,"f:36:21:36:34":2,"s:37:16:37:Infinity":12,"s:38:15:38:Infinity":13,"b:39:4:39:Infinity:undefined:undefined:undefined:undefined":2,"s:39:4:39:Infinity":14,"s:39:12:39:Infinity":15,"s:40:16:40:Infinity":16,"b:41:4:41:Infinity:undefined:undefined:undefined:undefined":3,"s:41:4:41:Infinity":17,"s:41:30:41:69":18,"s:41:69:41:83":19,"s:42:4:42:Infinity":20,"s:45:2:86:Infinity":21,"f:45:2:45:18":3,"b:46:4:46:Infinity:undefined:undefined:undefined:undefined":4,"s:46:4:46:Infinity":22,"b:46:7:46:19:46:19:46:26":5,"s:46:26:46:Infinity":23,"s:47:15:47:28":24,"s:48:20:48:Infinity":25,"s:50:4:62:Infinity":26,"f:53:4:53:8":4,"s:54:23:54:Infinity":27,"b:54:23:54:56:54:56:54:Infinity":6,"s:55:23:55:Infinity":28,"b:55:23:55:56:55:56:55:Infinity":7,"s:56:17:56:Infinity":29,"b:56:17:56:32:56:32:56:Infinity":8,"b:57:6:57:Infinity:undefined:undefined:undefined:undefined":9,"s:57:6:57:Infinity":30,"b:57:9:57:23:57:23:57:47":10,"s:57:47:57:Infinity":31,"s:58:6:61:Infinity":32,"s:64:4:76:Infinity":33,"f:67:4:67:8":5,"s:68:22:68:Infinity":34,"b:68:22:68:49:68:49:68:Infinity":11,"s:69:22:69:Infinity":35,"b:69:22:69:49:69:49:69:Infinity":12,"s:70:17:70:Infinity":36,"b:70:17:70:31:70:31:70:Infinity":13,"b:71:6:71:Infinity:undefined:undefined:undefined:undefined":14,"s:71:6:71:Infinity":37,"b:71:9:71:23:71:23:71:46":15,"s:71:46:71:Infinity":38,"s:72:6:75:Infinity":39,"s:78:4:78:Infinity":40,"s:79:4:79:Infinity":41,"s:80:4:84:Infinity":42,"f:80:4:80:17":6,"s:81:6:81:Infinity":43,"s:82:6:82:Infinity":44,"s:83:6:83:Infinity":45,"s:88:2:88:Infinity":46},"fnNames":{}}}
,"C:\\Users\\carlo\\OneDrive\\Escritorio\\triploop\\src\\lib\\itinerary\\validate.ts": {"path":"C:\\Users\\carlo\\OneDrive\\Escritorio\\triploop\\src\\lib\\itinerary\\validate.ts","statementMap":{"0":{"start":{"line":9,"column":12},"end":{"line":9,"column":null}},"1":{"start":{"line":10,"column":8},"end":{"line":10,"column":null}},"2":{"start":{"line":11,"column":8},"end":{"line":11,"column":null}},"3":{"start":{"line":12,"column":15},"end":{"line":12,"column":38}},"4":{"start":{"line":12,"column":45},"end":{"line":12,"column":null}},"5":{"start":{"line":13,"column":12},"end":{"line":13,"column":null}},"6":{"start":{"line":14,"column":2},"end":{"line":14,"column":null}},"7":{"start":{"line":19,"column":2},"end":{"line":19,"column":null}},"8":{"start":{"line":19,"column":15},"end":{"line":19,"column":null}},"9":{"start":{"line":20,"column":2},"end":{"line":20,"column":null}},"10":{"start":{"line":20,"column":13},"end":{"line":20,"column":null}},"11":{"start":{"line":21,"column":2},"end":{"line":21,"column":null}},"12":{"start":{"line":25,"column":33},"end":{"line":25,"column":null}},"13":{"start":{"line":26,"column":14},"end":{"line":26,"column":null}},"14":{"start":{"line":27,"column":20},"end":{"line":30,"column":null}},"15":{"start":{"line":28,"column":17},"end":{"line":28,"column":39}},"16":{"start":{"line":29,"column":15},"end":{"line":29,"column":133}},"17":{"start":{"line":30,"column":20},"end":{"line":30,"column":45}},"18":{"start":{"line":33,"column":2},"end":{"line":44,"column":null}},"19":{"start":{"line":33,"column":14},"end":{"line":33,"column":17}},"20":{"start":{"line":34,"column":17},"end":{"line":34,"column":null}},"21":{"start":{"line":35,"column":17},"end":{"line":35,"column":null}},"22":{"start":{"line":36,"column":4},"end":{"line":43,"column":null}},"23":{"start":{"line":37,"column":6},"end":{"line":42,"column":null}},"24":{"start":{"line":47,"column":2},"end":{"line":71,"column":null}},"25":{"start":{"line":47,"column":14},"end":{"line":47,"column":17}},"26":{"start":{"line":48,"column":17},"end":{"line":48,"column":null}},"27":{"start":{"line":49,"column":17},"end":{"line":49,"column":null}},"28":{"start":{"line":50,"column":4},"end":{"line":70,"column":null}},"29":{"start":{"line":51,"column":17},"end":{"line":51,"column":null}},"30":{"start":{"line":52,"column":24},"end":{"line":52,"column":null}},"31":{"start":{"line":53,"column":21},"end":{"line":53,"column":null}},"32":{"start":{"line":54,"column":6},"end":{"line":61,"column":null}},"33":{"start":{"line":55,"column":8},"end":{"line":60,"column":null}},"34":{"start":{"line":62,"column":6},"end":{"line":69,"column":null}},"35":{"start":{"line":63,"column":8},"end":{"line":68,"column":null}},"36":{"start":{"line":74,"column":2},"end":{"line":81,"column":null}},"37":{"start":{"line":75,"column":4},"end":{"line":80,"column":null}},"38":{"start":{"line":79,"column":34},"end":{"line":79,"column":38}},"39":{"start":{"line":84,"column":2},"end":{"line":111,"column":null}},"40":{"start":{"line":85,"column":4},"end":{"line":110,"column":null}},"41":{"start":{"line":86,"column":6},"end":{"line":86,"column":null}},"42":{"start":{"line":86,"column":27},"end":{"line":86,"column":null}},"43":{"start":{"line":87,"column":20},"end":{"line":87,"column":null}},"44":{"start":{"line":88,"column":6},"end":{"line":109,"column":null}},"45":{"start":{"line":89,"column":8},"end":{"line":94,"column":null}},"46":{"start":{"line":95,"column":13},"end":{"line":109,"column":null}},"47":{"start":{"line":96,"column":8},"end":{"line":101,"column":null}},"48":{"start":{"line":102,"column":13},"end":{"line":109,"column":null}},"49":{"start":{"line":103,"column":8},"end":{"line":108,"column":null}},"50":{"start":{"line":113,"column":2},"end":{"line":113,"column":null}},"51":{"start":{"line":118,"column":20},"end":{"line":118,"column":null}},"52":{"start":{"line":119,"column":18},"end":{"line":119,"column":null}},"53":{"start":{"line":120,"column":17},"end":{"line":120,"column":null}},"54":{"start":{"line":121,"column":17},"end":{"line":121,"column":null}},"55":{"start":{"line":121,"column":43},"end":{"line":121,"column":66}},"56":{"start":{"line":122,"column":2},"end":{"line":133,"column":null}},"57":{"start":{"line":122,"column":14},"end":{"line":122,"column":17}},"58":{"start":{"line":123,"column":4},"end":{"line":123,"column":null}},"59":{"start":{"line":124,"column":4},"end":{"line":132,"column":null}},"60":{"start":{"line":125,"column":19},"end":{"line":125,"column":null}},"61":{"start":{"line":126,"column":19},"end":{"line":126,"column":null}},"62":{"start":{"line":127,"column":6},"end":{"line":131,"column":null}},"63":{"start":{"line":128,"column":19},"end":{"line":128,"column":null}},"64":{"start":{"line":129,"column":8},"end":{"line":129,"column":null}},"65":{"start":{"line":130,"column":8},"end":{"line":130,"column":null}},"66":{"start":{"line":134,"column":2},"end":{"line":134,"column":null}}},"fnMap":{"0":{"name":"haversineKm","decl":{"start":{"line":8,"column":16},"end":{"line":8,"column":28}},"loc":{"start":{"line":8,"column":102},"end":{"line":15,"column":null}},"line":8},"1":{"name":"estimateTravelMin","decl":{"start":{"line":18,"column":9},"end":{"line":18,"column":27}},"loc":{"start":{"line":18,"column":47},"end":{"line":22,"column":null}},"line":18},"2":{"name":"validateDay","decl":{"start":{"line":24,"column":16},"end":{"line":24,"column":28}},"loc":{"start":{"line":24,"column":91},"end":{"line":114,"column":null}},"line":24},"3":{"name":"(anonymous_3)","decl":{"start":{"line":28,"column":5},"end":{"line":28,"column":12}},"loc":{"start":{"line":28,"column":17},"end":{"line":28,"column":39}},"line":28},"4":{"name":"(anonymous_4)","decl":{"start":{"line":29,"column":5},"end":{"line":29,"column":9}},"loc":{"start":{"line":29,"column":15},"end":{"line":29,"column":133}},"line":29},"5":{"name":"(anonymous_5)","decl":{"start":{"line":30,"column":5},"end":{"line":30,"column":11}},"loc":{"start":{"line":30,"column":20},"end":{"line":30,"column":45}},"line":30},"6":{"name":"(anonymous_6)","decl":{"start":{"line":79,"column":25},"end":{"line":79,"column":29}},"loc":{"start":{"line":79,"column":34},"end":{"line":79,"column":38}},"line":79},"7":{"name":"computeDayTotals","decl":{"start":{"line":117,"column":16},"end":{"line":117,"column":33}},"loc":{"start":{"line":117,"column":119},"end":{"line":135,"column":null}},"line":117},"8":{"name":"(anonymous_8)","decl":{"start":{"line":121,"column":28},"end":{"line":121,"column":34}},"loc":{"start":{"line":121,"column":43},"end":{"line":121,"column":66}},"line":121}},"branchMap":{"0":{"loc":{"start":{"line":19,"column":2},"end":{"line":19,"column":null}},"type":"if","locations":[{"start":{"line":19,"column":2},"end":{"line":19,"column":null}},{"start":{},"end":{}}],"line":19},"1":{"loc":{"start":{"line":20,"column":2},"end":{"line":20,"column":null}},"type":"if","locations":[{"start":{"line":20,"column":2},"end":{"line":20,"column":null}},{"start":{},"end":{}}],"line":20},"2":{"loc":{"start":{"line":26,"column":14},"end":{"line":26,"column":null}},"type":"cond-expr","locations":[{"start":{"line":26,"column":24},"end":{"line":26,"column":53}},{"start":{"line":26,"column":53},"end":{"line":26,"column":null}}],"line":26},"3":{"loc":{"start":{"line":29,"column":109},"end":{"line":29,"column":131}},"type":"binary-expr","locations":[{"start":{"line":29,"column":109},"end":{"line":29,"column":127}},{"start":{"line":29,"column":127},"end":{"line":29,"column":131}}],"line":29},"4":{"loc":{"start":{"line":36,"column":4},"end":{"line":43,"column":null}},"type":"if","locations":[{"start":{"line":36,"column":4},"end":{"line":43,"column":null}},{"start":{},"end":{}}],"line":36},"5":{"loc":{"start":{"line":50,"column":4},"end":{"line":70,"column":null}},"type":"if","locations":[{"start":{"line":50,"column":4},"end":{"line":70,"column":null}},{"start":{},"end":{}}],"line":50},"6":{"loc":{"start":{"line":50,"column":7},"end":{"line":50,"column":52}},"type":"binary-expr","locations":[{"start":{"line":50,"column":7},"end":{"line":50,"column":19}},{"start":{"line":50,"column":19},"end":{"line":50,"column":31}},{"start":{"line":50,"column":31},"end":{"line":50,"column":43}},{"start":{"line":50,"column":43},"end":{"line":50,"column":52}}],"line":50},"7":{"loc":{"start":{"line":54,"column":6},"end":{"line":61,"column":null}},"type":"if","locations":[{"start":{"line":54,"column":6},"end":{"line":61,"column":null}},{"start":{},"end":{}}],"line":54},"8":{"loc":{"start":{"line":54,"column":9},"end":{"line":54,"column":42}},"type":"binary-expr","locations":[{"start":{"line":54,"column":9},"end":{"line":54,"column":23}},{"start":{"line":54,"column":23},"end":{"line":54,"column":42}}],"line":54},"9":{"loc":{"start":{"line":62,"column":6},"end":{"line":69,"column":null}},"type":"if","locations":[{"start":{"line":62,"column":6},"end":{"line":69,"column":null}},{"start":{},"end":{}}],"line":62},"10":{"loc":{"start":{"line":74,"column":2},"end":{"line":81,"column":null}},"type":"if","locations":[{"start":{"line":74,"column":2},"end":{"line":81,"column":null}},{"start":{},"end":{}}],"line":74},"11":{"loc":{"start":{"line":84,"column":2},"end":{"line":111,"column":null}},"type":"if","locations":[{"start":{"line":84,"column":2},"end":{"line":111,"column":null}},{"start":{},"end":{}}],"line":84},"12":{"loc":{"start":{"line":86,"column":6},"end":{"line":86,"column":null}},"type":"if","locations":[{"start":{"line":86,"column":6},"end":{"line":86,"column":null}},{"start":{},"end":{}}],"line":86},"13":{"loc":{"start":{"line":88,"column":6},"end":{"line":109,"column":null}},"type":"if","locations":[{"start":{"line":88,"column":6},"end":{"line":109,"column":null}},{"start":{"line":95,"column":13},"end":{"line":109,"column":null}}],"line":88},"14":{"loc":{"start":{"line":95,"column":13},"end":{"line":109,"column":null}},"type":"if","locations":[{"start":{"line":95,"column":13},"end":{"line":109,"column":null}},{"start":{"line":102,"column":13},"end":{"line":109,"column":null}}],"line":95},"15":{"loc":{"start":{"line":95,"column":16},"end":{"line":95,"column":73}},"type":"binary-expr","locations":[{"start":{"line":95,"column":16},"end":{"line":95,"column":43}},{"start":{"line":95,"column":43},"end":{"line":95,"column":73}}],"line":95},"16":{"loc":{"start":{"line":102,"column":13},"end":{"line":109,"column":null}},"type":"if","locations":[{"start":{"line":102,"column":13},"end":{"line":109,"column":null}},{"start":{},"end":{}}],"line":102},"17":{"loc":{"start":{"line":102,"column":16},"end":{"line":102,"column":58}},"type":"binary-expr","locations":[{"start":{"line":102,"column":16},"end":{"line":102,"column":38}},{"start":{"line":102,"column":38},"end":{"line":102,"column":58}}],"line":102},"18":{"loc":{"start":{"line":106,"column":47},"end":{"line":106,"column":126}},"type":"cond-expr","locations":[{"start":{"line":106,"column":89},"end":{"line":106,"column":118}},{"start":{"line":106,"column":118},"end":{"line":106,"column":126}}],"line":106},"19":{"loc":{"start":{"line":123,"column":19},"end":{"line":123,"column":null}},"type":"binary-expr","locations":[{"start":{"line":123,"column":19},"end":{"line":123,"column":45}},{"start":{"line":123,"column":45},"end":{"line":123,"column":null}}],"line":123},"20":{"loc":{"start":{"line":124,"column":4},"end":{"line":132,"column":null}},"type":"if","locations":[{"start":{"line":124,"column":4},"end":{"line":132,"column":null}},{"start":{},"end":{}}],"line":124},"21":{"loc":{"start":{"line":127,"column":6},"end":{"line":131,"column":null}},"type":"if","locations":[{"start":{"line":127,"column":6},"end":{"line":131,"column":null}},{"start":{},"end":{}}],"line":127},"22":{"loc":{"start":{"line":127,"column":9},"end":{"line":127,"column":54}},"type":"binary-expr","locations":[{"start":{"line":127,"column":9},"end":{"line":127,"column":21}},{"start":{"line":127,"column":21},"end":{"line":127,"column":33}},{"start":{"line":127,"column":33},"end":{"line":127,"column":45}},{"start":{"line":127,"column":45},"end":{"line":127,"column":54}}],"line":127}},"s":{"0":0,"1":0,"2":0,"3":0,"4":0,"5":0,"6":0,"7":0,"8":0,"9":0,"10":0,"11":0,"12":0,"13":0,"14":0,"15":0,"16":0,"17":0,"18":0,"19":0,"20":0,"21":0,"22":0,"23":0,"24":0,"25":0,"26":0,"27":0,"28":0,"29":0,"30":0,"31":0,"32":0,"33":0,"34":0,"35":0,"36":0,"37":0,"38":0,"39":0,"40":0,"41":0,"42":0,"43":0,"44":0,"45":0,"46":0,"47":0,"48":0,"49":0,"50":0,"51":0,"52":0,"53":0,"54":0,"55":0,"56":0,"57":0,"58":0,"59":0,"60":0,"61":0,"62":0,"63":0,"64":0,"65":0,"66":0},"f":{"0":0,"1":0,"2":0,"3":0,"4":0,"5":0,"6":0,"7":0,"8":0},"b":{"0":[0,0],"1":[0,0],"2":[0,0],"3":[0,0],"4":[0,0],"5":[0,0],"6":[0,0,0,0],"7":[0,0],"8":[0,0],"9":[0,0],"10":[0,0],"11":[0,0],"12":[0,0],"13":[0,0],"14":[0,0],"15":[0,0],"16":[0,0],"17":[0,0],"18":[0,0],"19":[0,0],"20":[0,0],"21":[0,0],"22":[0,0,0,0]},"meta":{"lastBranch":23,"lastFunction":9,"lastStatement":67,"seen":{"f:8:16:8:28":0,"s:9:12:9:Infinity":0,"s:10:8:10:Infinity":1,"s:11:8:11:Infinity":2,"s:12:15:12:38":3,"s:12:45:12:Infinity":4,"s:13:12:13:Infinity":5,"s:14:2:14:Infinity":6,"f:18:9:18:27":1,"b:19:2:19:Infinity:undefined:undefined:undefined:undefined":0,"s:19:2:19:Infinity":7,"s:19:15:19:Infinity":8,"b:20:2:20:Infinity:undefined:undefined:undefined:undefined":1,"s:20:2:20:Infinity":9,"s:20:13:20:Infinity":10,"s:21:2:21:Infinity":11,"f:24:16:24:28":2,"s:25:33:25:Infinity":12,"s:26:14:26:Infinity":13,"b:26:24:26:53:26:53:26:Infinity":2,"s:27:20:30:Infinity":14,"f:28:5:28:12":3,"s:28:17:28:39":15,"f:29:5:29:9":4,"s:29:15:29:133":16,"b:29:109:29:127:29:127:29:131":3,"f:30:5:30:11":5,"s:30:20:30:45":17,"s:33:2:44:Infinity":18,"s:33:14:33:17":19,"s:34:17:34:Infinity":20,"s:35:17:35:Infinity":21,"b:36:4:43:Infinity:undefined:undefined:undefined:undefined":4,"s:36:4:43:Infinity":22,"s:37:6:42:Infinity":23,"s:47:2:71:Infinity":24,"s:47:14:47:17":25,"s:48:17:48:Infinity":26,"s:49:17:49:Infinity":27,"b:50:4:70:Infinity:undefined:undefined:undefined:undefined":5,"s:50:4:70:Infinity":28,"b:50:7:50:19:50:19:50:31:50:31:50:43:50:43:50:52":6,"s:51:17:51:Infinity":29,"s:52:24:52:Infinity":30,"s:53:21:53:Infinity":31,"b:54:6:61:Infinity:undefined:undefined:undefined:undefined":7,"s:54:6:61:Infinity":32,"b:54:9:54:23:54:23:54:42":8,"s:55:8:60:Infinity":33,"b:62:6:69:Infinity:undefined:undefined:undefined:undefined":9,"s:62:6:69:Infinity":34,"s:63:8:68:Infinity":35,"b:74:2:81:Infinity:undefined:undefined:undefined:undefined":10,"s:74:2:81:Infinity":36,"s:75:4:80:Infinity":37,"f:79:25:79:29":6,"s:79:34:79:38":38,"b:84:2:111:Infinity:undefined:undefined:undefined:undefined":11,"s:84:2:111:Infinity":39,"s:85:4:110:Infinity":40,"b:86:6:86:Infinity:undefined:undefined:undefined:undefined":12,"s:86:6:86:Infinity":41,"s:86:27:86:Infinity":42,"s:87:20:87:Infinity":43,"b:88:6:109:Infinity:95:13:109:Infinity":13,"s:88:6:109:Infinity":44,"s:89:8:94:Infinity":45,"b:95:13:109:Infinity:102:13:109:Infinity":14,"s:95:13:109:Infinity":46,"b:95:16:95:43:95:43:95:73":15,"s:96:8:101:Infinity":47,"b:102:13:109:Infinity:undefined:undefined:undefined:undefined":16,"s:102:13:109:Infinity":48,"b:102:16:102:38:102:38:102:58":17,"s:103:8:108:Infinity":49,"b:106:89:106:118:106:118:106:126":18,"s:113:2:113:Infinity":50,"f:117:16:117:33":7,"s:118:20:118:Infinity":51,"s:119:18:119:Infinity":52,"s:120:17:120:Infinity":53,"s:121:17:121:Infinity":54,"f:121:28:121:34":8,"s:121:43:121:66":55,"s:122:2:133:Infinity":56,"s:122:14:122:17":57,"s:123:4:123:Infinity":58,"b:123:19:123:45:123:45:123:Infinity":19,"b:124:4:132:Infinity:undefined:undefined:undefined:undefined":20,"s:124:4:132:Infinity":59,"s:125:19:125:Infinity":60,"s:126:19:126:Infinity":61,"b:127:6:131:Infinity:undefined:undefined:undefined:undefined":21,"s:127:6:131:Infinity":62,"b:127:9:127:21:127:21:127:33:127:33:127:45:127:45:127:54":22,"s:128:19:128:Infinity":63,"s:129:8:129:Infinity":64,"s:130:8:130:Infinity":65,"s:134:2:134:Infinity":66},"fnNames":{}}}
}
