TN:
SF:src\lib\admin-guard.ts
FN:10,secret
FN:14,signAdminToken
FN:21,verifyAdminToken
FN:35,checkPassphrase
FN:45,isAdminAuthed
FNF:5
FNH:4
FNDA:6,secret
FNDA:4,signAdminToken
FNDA:9,verifyAdminToken
FNDA:8,checkPassphrase
FNDA:0,isAdminAuthed
DA:7,1
DA:8,1
DA:11,6
DA:15,4
DA:16,4
DA:17,4
DA:18,4
DA:22,9
DA:23,7
DA:24,7
DA:25,4
DA:26,4
DA:27,3
DA:28,3
DA:29,2
DA:30,2
DA:31,2
DA:32,1
DA:36,8
DA:37,8
DA:38,8
DA:39,7
DA:40,3
DA:41,3
DA:42,0
DA:46,0
DA:47,0
DA:48,0
DA:51,1
DA:52,1
LF:30
LH:26
BRDA:11,0,0,6
BRDA:11,0,1,0
BRDA:22,1,0,2
BRDA:22,1,1,7
BRDA:24,2,0,3
BRDA:24,2,1,4
BRDA:26,3,0,1
BRDA:26,3,1,3
BRDA:28,4,0,1
BRDA:28,4,1,2
BRDA:28,5,0,3
BRDA:28,5,1,3
BRDA:36,6,0,8
BRDA:36,6,1,1
BRDA:37,7,0,8
BRDA:37,7,1,1
BRDA:38,8,0,1
BRDA:38,8,1,7
BRDA:39,9,0,4
BRDA:39,9,1,3
BRF:20
BRH:19
end_of_record
TN:
SF:src\lib\affiliate.ts
FN:10,isAffiliateActive
FN:14,isGygActive
FN:15,isBookingActive
FN:23,gygSearchUrl
FN:39,gygActivityUrl
FN:59,bookingSearchUrl
FN:91,estimateStayDates
FN:98,addDays
FN:99,toIsoDate
FNF:9
FNH:0
FNDA:0,isAffiliateActive
FNDA:0,isGygActive
FNDA:0,isBookingActive
FNDA:0,gygSearchUrl
FNDA:0,gygActivityUrl
FNDA:0,bookingSearchUrl
FNDA:0,estimateStayDates
FNDA:0,addDays
FNDA:0,toIsoDate
DA:6,0
DA:7,0
DA:8,0
DA:11,0
DA:14,0
DA:15,0
DA:24,0
DA:25,0
DA:26,0
DA:27,0
DA:28,0
DA:29,0
DA:30,0
DA:31,0
DA:32,0
DA:33,0
DA:40,0
DA:41,0
DA:42,0
DA:43,0
DA:44,0
DA:45,0
DA:46,0
DA:47,0
DA:68,0
DA:69,0
DA:70,0
DA:71,0
DA:72,0
DA:73,0
DA:74,0
DA:75,0
DA:76,0
DA:77,0
DA:78,0
DA:79,0
DA:80,0
DA:82,0
DA:83,0
DA:84,0
DA:85,0
DA:92,0
DA:93,0
DA:94,0
DA:95,0
DA:98,0
DA:99,0
LF:47
LH:0
BRDA:6,0,0,0
BRDA:6,0,1,0
BRDA:7,1,0,0
BRDA:7,1,1,0
BRDA:11,2,0,0
BRDA:11,2,1,0
BRDA:23,3,0,0
BRDA:24,4,0,0
BRDA:24,5,0,0
BRDA:26,6,0,0
BRDA:26,6,1,0
BRDA:30,7,0,0
BRDA:30,7,1,0
BRDA:31,8,0,0
BRDA:31,8,1,0
BRDA:39,9,0,0
BRDA:40,10,0,0
BRDA:40,11,0,0
BRDA:42,12,0,0
BRDA:42,12,1,0
BRDA:45,13,0,0
BRDA:45,13,1,0
BRDA:59,14,0,0
BRDA:68,15,0,0
BRDA:68,16,0,0
BRDA:68,17,0,0
BRDA:71,18,0,0
BRDA:71,18,1,0
BRDA:73,19,0,0
BRDA:73,19,1,0
BRDA:76,20,0,0
BRDA:76,20,1,0
BRDA:77,21,0,0
BRDA:77,21,1,0
BRDA:78,22,0,0
BRDA:78,22,1,0
BRDA:82,23,0,0
BRDA:82,23,1,0
BRDA:83,24,0,0
BRDA:83,24,1,0
BRDA:84,25,0,0
BRDA:84,25,1,0
BRDA:84,26,0,0
BRDA:84,26,1,0
BRDA:91,27,0,0
BRDA:92,28,0,0
BRDA:92,28,1,0
BRF:47
BRH:0
end_of_record
TN:
SF:src\lib\ai-cost-tracker.ts
FN:33,estimateCost
FN:40,logAICall
FN:56,trackedAICall
FNF:3
FNH:1
FNDA:11,estimateCost
FNDA:0,logAICall
FNDA:0,trackedAICall
DA:23,1
DA:34,11
DA:35,11
DA:41,0
DA:47,0
DA:49,0
DA:50,0
DA:51,0
DA:60,0
DA:61,0
DA:62,0
DA:63,0
DA:64,0
DA:66,0
DA:72,0
LF:15
LH:3
BRDA:33,0,0,11
BRDA:33,1,0,11
BRDA:34,2,0,11
BRDA:34,2,1,2
BRDA:43,3,0,0
BRDA:43,3,1,0
BRF:6
BRH:4
end_of_record
TN:
SF:src\lib\ai-openrouter.ts
FN:14,callOpenRouterJson
FN:27,(anonymous_1)
FN:57,extractJson
FN:65,readTripCache
FN:86,contentHash
FNF:5
FNH:0
FNDA:0,callOpenRouterJson
FNDA:0,(anonymous_1)
FNDA:0,extractJson
FNDA:0,readTripCache
FNDA:0,contentHash
DA:6,0
DA:19,0
DA:20,0
DA:21,0
DA:22,0
DA:24,0
DA:25,0
DA:26,0
DA:27,0
DA:28,0
DA:47,0
DA:48,0
DA:49,0
DA:50,0
DA:51,0
DA:52,0
DA:54,0
DA:58,0
DA:59,0
DA:60,0
DA:61,0
DA:70,0
DA:73,0
DA:74,0
DA:77,0
DA:79,0
DA:80,0
DA:81,0
DA:82,0
DA:83,0
DA:87,0
DA:88,0
DA:89,0
DA:90,0
DA:92,0
LF:35
LH:0
BRDA:17,0,0,0
BRDA:20,1,0,0
BRDA:20,1,1,0
BRDA:21,2,0,0
BRDA:21,2,1,0
BRDA:22,3,0,0
BRDA:22,3,1,0
BRDA:35,4,0,0
BRDA:35,4,1,0
BRDA:48,5,0,0
BRDA:48,5,1,0
BRDA:49,6,0,0
BRDA:49,6,1,0
BRDA:51,7,0,0
BRDA:51,7,1,0
BRDA:60,8,0,0
BRDA:60,8,1,0
BRDA:73,9,0,0
BRDA:73,9,1,0
BRDA:73,10,0,0
BRDA:73,10,1,0
BRDA:77,11,0,0
BRDA:77,11,1,0
BRDA:79,12,0,0
BRDA:79,12,1,0
BRDA:79,13,0,0
BRDA:79,13,1,0
BRDA:81,14,0,0
BRDA:81,14,1,0
BRDA:83,15,0,0
BRDA:83,15,1,0
BRF:31
BRH:0
end_of_record
TN:
SF:src\lib\blog-seed-es.ts
FNF:0
FNH:0
DA:3,0
LF:1
LH:0
BRF:0
BRH:0
end_of_record
TN:
SF:src\lib\blog-seed.ts
FNF:0
FNH:0
DA:15,0
LF:1
LH:0
BRF:0
BRH:0
end_of_record
TN:
SF:src\lib\budget-calculator.ts
FN:86,calculateBudget
FN:120,(anonymous_1)
FNF:2
FNH:0
FNDA:0,calculateBudget
FNDA:0,(anonymous_1)
DA:9,0
DA:20,0
DA:27,0
DA:34,0
DA:40,0
DA:41,0
DA:43,0
DA:52,0
DA:87,0
DA:88,0
DA:89,0
DA:90,0
DA:91,0
DA:93,0
DA:94,0
DA:95,0
DA:96,0
DA:99,0
DA:100,0
DA:102,0
DA:103,0
DA:106,0
DA:107,0
DA:110,0
DA:113,0
DA:115,0
DA:116,0
DA:117,0
DA:119,0
DA:120,0
DA:122,0
DA:123,0
DA:124,0
DA:125,0
DA:126,0
DA:127,0
DA:129,0
LF:37
LH:0
BRDA:87,0,0,0
BRDA:87,0,1,0
BRDA:88,1,0,0
BRDA:88,1,1,0
BRDA:89,2,0,0
BRDA:89,2,1,0
BRDA:91,3,0,0
BRDA:91,3,1,0
BRDA:94,4,0,0
BRDA:94,4,1,0
BRDA:100,5,0,0
BRDA:100,5,1,0
BRDA:106,6,0,0
BRDA:106,6,1,0
BRDA:110,7,0,0
BRDA:110,7,1,0
BRDA:123,8,0,0
BRDA:123,8,1,0
BRDA:124,9,0,0
BRDA:124,9,1,0
BRDA:125,10,0,0
BRDA:125,10,1,0
BRDA:125,11,0,0
BRDA:125,11,1,0
BRDA:126,12,0,0
BRDA:126,12,1,0
BRDA:127,13,0,0
BRDA:127,13,1,0
BRF:28
BRH:0
end_of_record
TN:
SF:src\lib\curated-pois.ts
FN:301,getCuratedPOIs
FN:304,(anonymous_1)
FN:309,getAllCuratedRegions
FN:313,totalCuratedPOIs
FN:314,(anonymous_4)
FNF:5
FNH:0
FNDA:0,getCuratedPOIs
FNDA:0,(anonymous_1)
FNDA:0,getAllCuratedRegions
FNDA:0,totalCuratedPOIs
FNDA:0,(anonymous_4)
DA:18,0
DA:302,0
DA:303,0
DA:304,0
DA:305,0
DA:306,0
DA:310,0
DA:314,0
LF:8
LH:0
BRDA:301,0,0,0
BRDA:302,1,0,0
BRDA:302,1,1,0
BRDA:304,2,0,0
BRDA:304,2,1,0
BRDA:305,3,0,0
BRDA:305,3,1,0
BRF:7
BRH:0
end_of_record
TN:
SF:src\lib\feature-flags.ts
FN:50,(anonymous_0)
FN:60,parseFlagEnv
FN:68,envFor
FN:77,getFlag
FN:88,setFlag
FN:97,clearFlag
FN:105,getAllFlags
FN:111,(anonymous_7)
FNF:8
FNH:8
FNDA:10,(anonymous_0)
FNDA:42,parseFlagEnv
FNDA:28,envFor
FNDA:15,getFlag
FNDA:7,setFlag
FNDA:123,clearFlag
FNDA:2,getAllFlags
FNDA:20,(anonymous_7)
DA:36,1
DA:49,1
DA:50,10
DA:54,1
DA:61,42
DA:62,16
DA:63,16
DA:64,11
DA:65,3
DA:70,28
DA:71,28
DA:78,15
DA:79,9
DA:80,9
DA:81,6
DA:89,7
DA:90,7
DA:91,7
DA:98,123
DA:111,2
DA:114,20
DA:115,1
DA:116,1
DA:118,19
DA:119,19
DA:120,0
DA:121,0
DA:123,19
DA:124,19
DA:127,20
LF:30
LH:28
BRDA:61,0,0,26
BRDA:61,0,1,16
BRDA:63,1,0,5
BRDA:63,1,1,11
BRDA:63,2,0,16
BRDA:63,2,1,14
BRDA:63,2,2,13
BRDA:63,2,3,12
BRDA:64,3,0,8
BRDA:64,3,1,3
BRDA:64,4,0,11
BRDA:64,4,1,6
BRDA:64,4,2,5
BRDA:64,4,3,4
BRDA:78,5,0,6
BRDA:78,5,1,9
BRDA:80,6,0,3
BRDA:80,6,1,6
BRDA:114,7,0,1
BRDA:114,7,1,19
BRDA:119,8,0,0
BRDA:119,8,1,19
BRF:22
BRH:21
end_of_record
TN:
SF:src\lib\format.ts
FN:3,formatDistance
FN:16,formatDuration
FN:25,formatBothUnits
FNF:3
FNH:0
FNDA:0,formatDistance
FNDA:0,formatDuration
FNDA:0,formatBothUnits
DA:4,0
DA:5,0
DA:6,0
DA:10,0
DA:11,0
DA:17,0
DA:18,0
DA:19,0
DA:20,0
DA:21,0
DA:22,0
DA:26,0
DA:27,0
DA:28,0
LF:14
LH:0
BRDA:3,0,0,0
BRDA:4,1,0,0
BRDA:4,1,1,0
BRDA:6,2,0,0
BRDA:6,2,1,0
BRDA:7,3,0,0
BRDA:7,3,1,0
BRDA:11,4,0,0
BRDA:11,4,1,0
BRDA:12,5,0,0
BRDA:12,5,1,0
BRDA:16,6,0,0
BRDA:20,7,0,0
BRDA:20,7,1,0
BRDA:20,8,0,0
BRDA:20,8,1,0
BRDA:21,9,0,0
BRDA:21,9,1,0
BRDA:25,10,0,0
BRF:19
BRH:0
end_of_record
TN:
SF:src\lib\geocode-free.ts
FN:21,geocodeNominatim
FN:48,(anonymous_1)
FN:64,geocodePhoton
FN:86,(anonymous_3)
FN:102,geocodeFree
FNF:5
FNH:0
FNDA:0,geocodeNominatim
FNDA:0,(anonymous_1)
FNDA:0,geocodePhoton
FNDA:0,(anonymous_3)
FNDA:0,geocodeFree
DA:5,0
DA:26,0
DA:27,0
DA:28,0
DA:29,0
DA:30,0
DA:31,0
DA:32,0
DA:33,0
DA:34,0
DA:36,0
DA:37,0
DA:40,0
DA:41,0
DA:48,0
DA:57,0
DA:69,0
DA:70,0
DA:71,0
DA:72,0
DA:73,0
DA:74,0
DA:75,0
DA:77,0
DA:78,0
DA:79,0
DA:80,0
DA:86,0
DA:95,0
DA:103,0
DA:104,0
DA:105,0
DA:106,0
LF:33
LH:0
BRDA:21,0,0,0
BRDA:29,1,0,0
BRDA:29,1,1,0
BRDA:31,2,0,0
BRDA:31,2,1,0
BRDA:32,3,0,0
BRDA:32,3,1,0
BRDA:40,4,0,0
BRDA:40,4,1,0
BRDA:49,5,0,0
BRDA:49,5,1,0
BRDA:53,6,0,0
BRDA:53,6,1,0
BRDA:53,7,0,0
BRDA:53,7,1,0
BRDA:54,8,0,0
BRDA:54,8,1,0
BRDA:64,9,0,0
BRDA:71,10,0,0
BRDA:71,10,1,0
BRDA:72,11,0,0
BRDA:72,11,1,0
BRDA:73,12,0,0
BRDA:73,12,1,0
BRDA:73,13,0,0
BRDA:73,13,1,0
BRDA:79,14,0,0
BRDA:79,14,1,0
BRDA:86,15,0,0
BRDA:86,15,1,0
BRDA:87,16,0,0
BRDA:87,16,1,0
BRDA:91,17,0,0
BRDA:91,17,1,0
BRDA:92,18,0,0
BRDA:92,18,1,0
BRDA:104,19,0,0
BRDA:104,19,1,0
BRDA:106,20,0,0
BRDA:106,20,1,0
BRF:40
BRH:0
end_of_record
TN:
SF:src\lib\markdown.ts
FN:4,esc
FN:8,inline
FN:12,(anonymous_2)
FN:27,renderMarkdown
FN:36,(anonymous_4)
FN:43,(anonymous_5)
FN:48,(anonymous_6)
FN:112,estimateReadMinutes
FNF:8
FNH:0
FNDA:0,esc
FNDA:0,inline
FNDA:0,(anonymous_2)
FNDA:0,renderMarkdown
FNDA:0,(anonymous_4)
FNDA:0,(anonymous_5)
FNDA:0,(anonymous_6)
FNDA:0,estimateReadMinutes
DA:5,0
DA:10,0
DA:12,0
DA:13,0
DA:14,0
DA:15,0
DA:16,0
DA:19,0
DA:21,0
DA:23,0
DA:24,0
DA:28,0
DA:29,0
DA:30,0
DA:31,0
DA:32,0
DA:33,0
DA:34,0
DA:36,0
DA:37,0
DA:38,0
DA:39,0
DA:40,0
DA:41,0
DA:43,0
DA:44,0
DA:45,0
DA:46,0
DA:48,0
DA:49,0
DA:50,0
DA:51,0
DA:54,0
DA:55,0
DA:56,0
DA:57,0
DA:58,0
DA:62,0
DA:63,0
DA:64,0
DA:65,0
DA:67,0
DA:68,0
DA:69,0
DA:70,0
DA:72,0
DA:73,0
DA:74,0
DA:75,0
DA:78,0
DA:79,0
DA:80,0
DA:81,0
DA:82,0
DA:83,0
DA:85,0
DA:86,0
DA:87,0
DA:88,0
DA:89,0
DA:92,0
DA:93,0
DA:94,0
DA:95,0
DA:96,0
DA:99,0
DA:100,0
DA:101,0
DA:102,0
DA:105,0
DA:106,0
DA:108,0
DA:109,0
DA:113,0
DA:114,0
LF:75
LH:0
BRDA:13,0,0,0
BRDA:13,0,1,0
BRDA:15,1,0,0
BRDA:15,1,1,0
BRDA:37,2,0,0
BRDA:37,2,1,0
BRDA:38,3,0,0
BRDA:38,3,1,0
BRDA:39,4,0,0
BRDA:39,4,1,0
BRDA:44,5,0,0
BRDA:44,5,1,0
BRDA:49,6,0,0
BRDA:49,6,1,0
BRDA:56,7,0,0
BRDA:56,7,1,0
BRDA:62,8,0,0
BRDA:62,8,1,0
BRDA:67,9,0,0
BRDA:67,9,1,0
BRDA:72,10,0,0
BRDA:72,10,1,0
BRDA:78,11,0,0
BRDA:78,11,1,0
BRDA:83,12,0,0
BRDA:83,12,1,0
BRDA:85,13,0,0
BRDA:85,13,1,0
BRDA:87,14,0,0
BRDA:87,14,1,0
BRDA:92,15,0,0
BRDA:92,15,1,0
BRDA:94,16,0,0
BRDA:94,16,1,0
BRDA:99,17,0,0
BRDA:99,17,1,0
BRF:36
BRH:0
end_of_record
TN:
SF:src\lib\offline-cache.ts
FN:20,getDb
FN:24,upgrade
FN:33,saveTripOffline
FN:38,markTilesCached
FN:44,getOfflineTrip
FN:50,isTripOffline
FN:56,listOfflineTrips
FN:59,(anonymous_7)
FN:62,removeOfflineTrip
FN:72,prefetchTilesForTrip
FN:94,(anonymous_10)
FN:101,tileCoordsAround
FN:119,isOnline
FNF:13
FNH:0
FNDA:0,getDb
FNDA:0,upgrade
FNDA:0,saveTripOffline
FNDA:0,markTilesCached
FNDA:0,getOfflineTrip
FNDA:0,isTripOffline
FNDA:0,listOfflineTrips
FNDA:0,(anonymous_7)
FNDA:0,removeOfflineTrip
FNDA:0,prefetchTilesForTrip
FNDA:0,(anonymous_10)
FNDA:0,tileCoordsAround
FNDA:0,isOnline
DA:18,0
DA:21,0
DA:22,0
DA:23,0
DA:25,0
DA:26,0
DA:30,0
DA:34,0
DA:35,0
DA:39,0
DA:40,0
DA:41,0
DA:45,0
DA:46,0
DA:47,0
DA:51,0
DA:52,0
DA:53,0
DA:57,0
DA:58,0
DA:59,0
DA:63,0
DA:64,0
DA:76,0
DA:77,0
DA:78,0
DA:79,0
DA:80,0
DA:81,0
DA:82,0
DA:83,0
DA:87,0
DA:88,0
DA:89,0
DA:90,0
DA:92,0
DA:93,0
DA:94,0
DA:95,0
DA:96,0
DA:98,0
DA:102,0
DA:103,0
DA:104,0
DA:105,0
DA:106,0
DA:107,0
DA:108,0
DA:109,0
DA:110,0
DA:112,0
DA:113,0
DA:114,0
DA:116,0
DA:120,0
LF:55
LH:0
BRDA:21,0,0,0
BRDA:21,0,1,0
BRDA:22,1,0,0
BRDA:22,1,1,0
BRDA:41,2,0,0
BRDA:41,2,1,0
BRDA:47,3,0,0
BRDA:47,3,1,0
BRDA:76,4,0,0
BRDA:76,4,1,0
BRDA:76,5,0,0
BRDA:76,5,1,0
BRDA:101,6,0,0
BRDA:110,7,0,0
BRDA:110,7,1,0
BRDA:110,8,0,0
BRDA:110,8,1,0
BRDA:114,9,0,0
BRDA:114,9,1,0
BRDA:114,10,0,0
BRDA:114,10,1,0
BRDA:120,11,0,0
BRDA:120,11,1,0
BRF:23
BRH:0
end_of_record
TN:
SF:src\lib\platform-stats.ts
FN:30,statsAsText
FNF:1
FNH:0
FNDA:0,statsAsText
DA:9,0
DA:37,0
DA:38,0
LF:3
LH:0
BRDA:30,0,0,0
BRDA:39,1,0,0
BRDA:39,1,1,0
BRDA:40,2,0,0
BRDA:40,2,1,0
BRDA:41,3,0,0
BRDA:41,3,1,0
BRDA:42,4,0,0
BRDA:42,4,1,0
BRDA:43,5,0,0
BRDA:43,5,1,0
BRF:11
BRH:0
end_of_record
TN:
SF:src\lib\prompt-cache.ts
FN:15,hash
FN:24,promptCacheGet
FN:35,promptCacheSet
FN:48,promptCacheStats
FNF:4
FNH:0
FNDA:0,hash
FNDA:0,promptCacheGet
FNDA:0,promptCacheSet
FNDA:0,promptCacheStats
DA:4,0
DA:5,0
DA:12,0
DA:13,0
DA:16,0
DA:17,0
DA:18,0
DA:19,0
DA:21,0
DA:25,0
DA:26,0
DA:27,0
DA:28,0
DA:29,0
DA:30,0
DA:32,0
DA:36,0
DA:37,0
DA:38,0
DA:39,0
DA:40,0
DA:41,0
DA:42,0
DA:44,0
DA:45,0
DA:49,0
LF:26
LH:0
BRDA:25,0,0,0
BRDA:25,0,1,0
BRDA:27,1,0,0
BRDA:27,1,1,0
BRDA:28,2,0,0
BRDA:28,2,1,0
BRDA:36,3,0,0
BRDA:36,3,1,0
BRDA:37,4,0,0
BRDA:37,4,1,0
BRDA:39,5,0,0
BRDA:39,5,1,0
BRDA:40,6,0,0
BRDA:40,6,1,0
BRDA:42,7,0,0
BRDA:42,7,1,0
BRF:16
BRH:0
end_of_record
TN:
SF:src\lib\rate-limit.ts
FN:19,rateLimit
FN:38,getClientKey
FN:44,rateLimitResponse
FNF:3
FNH:0
FNDA:0,rateLimit
FNDA:0,getClientKey
FNDA:0,rateLimitResponse
DA:10,0
DA:11,0
DA:20,0
DA:21,0
DA:22,0
DA:23,0
DA:25,0
DA:26,0
DA:27,0
DA:29,0
DA:31,0
DA:32,0
DA:34,0
DA:35,0
DA:39,0
DA:40,0
DA:41,0
DA:45,0
LF:18
LH:0
BRDA:22,0,0,0
BRDA:22,0,1,0
BRDA:22,1,0,0
BRDA:22,1,1,0
BRDA:25,2,0,0
BRDA:25,2,1,0
BRDA:27,3,0,0
BRDA:27,3,1,0
BRDA:31,4,0,0
BRDA:31,4,1,0
BRDA:39,5,0,0
BRDA:39,5,1,0
BRDA:40,6,0,0
BRDA:40,6,1,0
BRDA:40,6,2,0
BRF:15
BRH:0
end_of_record
TN:
SF:src\lib\stripe-config.ts
FN:9,isStripeConfigured
FN:28,isProSubscription
FNF:2
FNH:0
FNDA:0,isStripeConfigured
FNDA:0,isProSubscription
DA:2,0
DA:7,0
DA:10,0
DA:14,0
DA:29,0
DA:30,0
LF:6
LH:0
BRDA:3,0,0,0
BRDA:3,0,1,0
BRDA:4,1,0,0
BRDA:4,1,1,0
BRDA:10,2,0,0
BRDA:10,2,1,0
BRDA:29,3,0,0
BRDA:29,3,1,0
BRDA:29,4,0,0
BRDA:29,4,1,0
BRF:10
BRH:0
end_of_record
TN:
SF:src\lib\template-matcher.ts
FN:57,extractDays
FN:66,extractRegionKey
FN:83,matchTemplate
FN:90,(anonymous_3)
FN:95,(anonymous_4)
FN:116,(anonymous_5)
FN:133,(anonymous_6)
FN:140,(anonymous_7)
FNF:8
FNH:0
FNDA:0,extractDays
FNDA:0,extractRegionKey
FNDA:0,matchTemplate
FNDA:0,(anonymous_3)
FNDA:0,(anonymous_4)
FNDA:0,(anonymous_5)
FNDA:0,(anonymous_6)
FNDA:0,(anonymous_7)
DA:13,0
DA:40,0
DA:58,0
DA:59,0
DA:60,0
DA:61,0
DA:62,0
DA:63,0
DA:67,0
DA:68,0
DA:69,0
DA:70,0
DA:71,0
DA:72,0
DA:73,0
DA:75,0
DA:76,0
DA:77,0
DA:80,0
DA:84,0
DA:85,0
DA:87,0
DA:90,0
DA:91,0
DA:94,0
DA:95,0
DA:96,0
DA:97,0
DA:100,0
DA:101,0
DA:102,0
DA:103,0
DA:104,0
DA:107,0
DA:111,0
DA:112,0
DA:115,0
DA:116,0
DA:117,0
DA:120,0
DA:121,0
DA:124,0
DA:125,0
DA:126,0
DA:127,0
DA:129,0
DA:132,0
DA:133,0
DA:134,0
DA:137,0
DA:140,0
DA:141,0
DA:144,0
DA:145,0
DA:147,0
DA:148,0
DA:151,0
LF:57
LH:0
BRDA:60,0,0,0
BRDA:60,0,1,0
BRDA:62,1,0,0
BRDA:62,1,1,0
BRDA:73,2,0,0
BRDA:73,2,1,0
BRDA:75,3,0,0
BRDA:75,3,1,0
BRDA:87,4,0,0
BRDA:87,4,1,0
BRDA:91,5,0,0
BRDA:91,5,1,0
BRDA:100,6,0,0
BRDA:100,6,1,0
BRDA:102,7,0,0
BRDA:102,7,1,0
BRDA:103,8,0,0
BRDA:103,8,1,0
BRDA:104,9,0,0
BRDA:104,9,1,0
BRDA:107,10,0,0
BRDA:107,10,1,0
BRDA:107,11,0,0
BRDA:107,11,1,0
BRDA:115,12,0,0
BRDA:115,12,1,0
BRDA:116,13,0,0
BRDA:116,13,1,0
BRDA:117,14,0,0
BRDA:117,14,1,0
BRDA:120,15,0,0
BRDA:120,15,1,0
BRDA:121,16,0,0
BRDA:121,16,1,0
BRDA:127,17,0,0
BRDA:127,17,1,0
BRDA:127,18,0,0
BRDA:127,18,1,0
BRDA:129,19,0,0
BRDA:129,19,1,0
BRDA:134,20,0,0
BRDA:134,20,1,0
BRDA:134,21,0,0
BRDA:134,21,1,0
BRDA:147,22,0,0
BRDA:147,22,1,0
BRDA:148,23,0,0
BRDA:148,23,1,0
BRDA:156,24,0,0
BRDA:156,24,1,0
BRF:50
BRH:0
end_of_record
TN:
SF:src\lib\templates-seed-es.ts
FNF:0
FNH:0
DA:11,0
LF:1
LH:0
BRF:0
BRH:0
end_of_record
TN:
SF:src\lib\templates-seed.ts
FNF:0
FNH:0
DA:39,0
DA:186,0
DA:372,0
DA:442,0
DA:511,0
DA:568,0
DA:660,0
DA:754,0
DA:804,0
DA:852,0
DA:902,0
DA:953,0
DA:1005,0
DA:1059,0
DA:1110,0
DA:1162,0
DA:1215,0
DA:1267,0
DA:1320,0
DA:1373,0
DA:1427,0
DA:1481,0
DA:1534,0
DA:1588,0
DA:1641,0
DA:1695,0
LF:26
LH:0
BRF:0
BRH:0
end_of_record
TN:
SF:src\lib\trip-validator.ts
FN:24,haversineKm
FN:48,validateTrip
FN:58,(anonymous_2)
FN:118,(anonymous_3)
FN:119,(anonymous_4)
FN:120,(anonymous_5)
FN:122,(anonymous_6)
FNF:7
FNH:0
FNDA:0,haversineKm
FNDA:0,validateTrip
FNDA:0,(anonymous_2)
FNDA:0,(anonymous_3)
FNDA:0,(anonymous_4)
FNDA:0,(anonymous_5)
FNDA:0,(anonymous_6)
DA:25,0
DA:26,0
DA:27,0
DA:28,0
DA:30,0
DA:49,0
DA:51,0
DA:52,0
DA:56,0
DA:57,0
DA:58,0
DA:59,0
DA:60,0
DA:62,0
DA:65,0
DA:67,0
DA:68,0
DA:72,0
DA:73,0
DA:74,0
DA:76,0
DA:78,0
DA:79,0
DA:80,0
DA:82,0
DA:86,0
DA:87,0
DA:88,0
DA:89,0
DA:90,0
DA:91,0
DA:92,0
DA:93,0
DA:104,0
DA:105,0
DA:106,0
DA:107,0
DA:117,0
DA:118,0
DA:119,0
DA:120,0
DA:122,0
DA:124,0
LF:43
LH:0
BRDA:51,0,0,0
BRDA:51,0,1,0
BRDA:51,1,0,0
BRDA:51,1,1,0
BRDA:59,2,0,0
BRDA:59,2,1,0
BRDA:59,3,0,0
BRDA:59,3,1,0
BRDA:60,4,0,0
BRDA:60,4,1,0
BRDA:62,5,0,0
BRDA:62,5,1,0
BRDA:62,6,0,0
BRDA:62,6,1,0
BRDA:62,6,2,0
BRDA:62,6,3,0
BRDA:62,6,4,0
BRDA:62,6,5,0
BRDA:62,6,6,0
BRDA:62,6,7,0
BRDA:65,7,0,0
BRDA:65,7,1,0
BRDA:67,8,0,0
BRDA:67,8,1,0
BRDA:67,9,0,0
BRDA:67,9,1,0
BRDA:67,9,2,0
BRDA:68,10,0,0
BRDA:68,10,1,0
BRDA:72,11,0,0
BRDA:72,11,1,0
BRDA:73,12,0,0
BRDA:73,12,1,0
BRDA:74,13,0,0
BRDA:74,13,1,0
BRDA:79,14,0,0
BRDA:79,14,1,0
BRDA:80,15,0,0
BRDA:80,15,1,0
BRDA:90,16,0,0
BRDA:90,16,1,0
BRDA:90,17,0,0
BRDA:90,17,1,0
BRDA:92,18,0,0
BRDA:92,18,1,0
BRDA:104,19,0,0
BRDA:104,19,1,0
BRDA:104,20,0,0
BRDA:104,20,1,0
BRDA:106,21,0,0
BRDA:106,21,1,0
BRF:51
BRH:0
end_of_record
TN:
SF:src\lib\types.ts
FNF:0
FNH:0
LF:0
LH:0
BRF:0
BRH:0
end_of_record
TN:
SF:src\lib\use-pro.ts
FN:16,usePro
FN:22,(anonymous_1)
FN:24,(anonymous_2)
FN:39,(anonymous_3)
FN:42,(anonymous_4)
FNF:5
FNH:0
FNDA:0,usePro
FNDA:0,(anonymous_1)
FNDA:0,(anonymous_2)
FNDA:0,(anonymous_3)
FNDA:0,(anonymous_4)
DA:1,0
DA:17,0
DA:22,0
DA:23,0
DA:24,0
DA:25,0
DA:26,0
DA:27,0
DA:28,0
DA:29,0
DA:39,0
DA:42,0
DA:45,0
LF:13
LH:0
BRDA:28,0,0,0
BRDA:28,0,1,0
BRDA:35,1,0,0
BRDA:35,1,1,0
BRDA:36,2,0,0
BRDA:36,2,1,0
BRDA:39,3,0,0
BRDA:39,3,1,0
BRF:8
BRH:0
end_of_record
TN:
SF:src\lib\use-trip-realtime.ts
FN:32,hashColor
FN:38,useTripRealtime
FN:43,(anonymous_2)
FN:51,(anonymous_3)
FN:73,(anonymous_4)
FN:86,(anonymous_5)
FN:92,(anonymous_6)
FN:103,(anonymous_7)
FN:112,(anonymous_8)
FNF:9
FNH:0
FNDA:0,hashColor
FNDA:0,useTripRealtime
FNDA:0,(anonymous_2)
FNDA:0,(anonymous_3)
FNDA:0,(anonymous_4)
FNDA:0,(anonymous_5)
FNDA:0,(anonymous_6)
FNDA:0,(anonymous_7)
FNDA:0,(anonymous_8)
DA:1,0
DA:30,0
DA:33,0
DA:34,0
DA:35,0
DA:39,0
DA:40,0
DA:41,0
DA:43,0
DA:44,0
DA:45,0
DA:46,0
DA:51,0
DA:52,0
DA:53,0
DA:54,0
DA:55,0
DA:56,0
DA:57,0
DA:58,0
DA:66,0
DA:70,0
DA:74,0
DA:76,0
DA:86,0
DA:87,0
DA:88,0
DA:89,0
DA:92,0
DA:93,0
DA:94,0
DA:102,0
DA:103,0
DA:104,0
DA:105,0
DA:106,0
DA:112,0
DA:113,0
DA:114,0
DA:115,0
DA:121,0
LF:41
LH:0
BRDA:44,0,0,0
BRDA:44,0,1,0
BRDA:44,1,0,0
BRDA:44,1,1,0
BRDA:47,2,0,0
BRDA:47,2,1,0
BRDA:57,3,0,0
BRDA:57,3,1,0
BRDA:57,4,0,0
BRDA:57,4,1,0
BRDA:62,5,0,0
BRDA:62,5,1,0
BRDA:88,6,0,0
BRDA:88,6,1,0
BRDA:93,7,0,0
BRDA:93,7,1,0
BRDA:93,8,0,0
BRDA:93,8,1,0
BRDA:114,9,0,0
BRDA:114,9,1,0
BRDA:114,10,0,0
BRDA:114,10,1,0
BRDA:117,11,0,0
BRDA:117,11,1,0
BRF:24
BRH:0
end_of_record
TN:
SF:src\lib\whatsapp.ts
FN:3,isWhatsAppConfigured
FN:11,getPublicNumber
FN:16,waLink
FN:25,sendWhatsAppMessage
FN:63,generateBotReply
FN:113,generateAiReply
FN:147,detectLocale
FNF:7
FNH:0
FNDA:0,isWhatsAppConfigured
FNDA:0,getPublicNumber
FNDA:0,waLink
FNDA:0,sendWhatsAppMessage
FNDA:0,generateBotReply
FNDA:0,generateAiReply
FNDA:0,detectLocale
DA:4,0
DA:12,0
DA:17,0
DA:18,0
DA:19,0
DA:20,0
DA:26,0
DA:27,0
DA:28,0
DA:29,0
DA:30,0
DA:32,0
DA:33,0
DA:34,0
DA:39,0
DA:40,0
DA:45,0
DA:46,0
DA:47,0
DA:49,0
DA:60,0
DA:64,0
DA:65,0
DA:68,0
DA:69,0
DA:75,0
DA:76,0
DA:82,0
DA:83,0
DA:89,0
DA:90,0
DA:96,0
DA:97,0
DA:103,0
DA:104,0
DA:110,0
DA:114,0
DA:115,0
DA:116,0
DA:120,0
DA:123,0
DA:124,0
DA:136,0
DA:137,0
DA:138,0
DA:140,0
DA:148,0
DA:149,0
DA:150,0
DA:151,0
DA:152,0
LF:51
LH:0
BRDA:4,0,0,0
BRDA:4,0,1,0
BRDA:4,0,2,0
BRDA:12,1,0,0
BRDA:12,1,1,0
BRDA:12,2,0,0
BRDA:12,2,1,0
BRDA:16,3,0,0
BRDA:18,4,0,0
BRDA:18,4,1,0
BRDA:18,5,0,0
BRDA:18,5,1,0
BRDA:19,6,0,0
BRDA:19,6,1,0
BRDA:29,7,0,0
BRDA:29,7,1,0
BRDA:29,8,0,0
BRDA:29,8,1,0
BRDA:29,8,2,0
BRDA:36,9,0,0
BRDA:36,9,1,0
BRDA:45,10,0,0
BRDA:45,10,1,0
BRDA:68,11,0,0
BRDA:68,11,1,0
BRDA:69,12,0,0
BRDA:69,12,1,0
BRDA:75,13,0,0
BRDA:75,13,1,0
BRDA:76,14,0,0
BRDA:76,14,1,0
BRDA:82,15,0,0
BRDA:82,15,1,0
BRDA:83,16,0,0
BRDA:83,16,1,0
BRDA:89,17,0,0
BRDA:89,17,1,0
BRDA:90,18,0,0
BRDA:90,18,1,0
BRDA:96,19,0,0
BRDA:96,19,1,0
BRDA:97,20,0,0
BRDA:97,20,1,0
BRDA:103,21,0,0
BRDA:103,21,1,0
BRDA:104,22,0,0
BRDA:104,22,1,0
BRDA:115,23,0,0
BRDA:115,23,1,0
BRDA:116,24,0,0
BRDA:116,24,1,0
BRDA:120,25,0,0
BRDA:120,25,1,0
BRDA:136,26,0,0
BRDA:136,26,1,0
BRDA:138,27,0,0
BRDA:138,27,1,0
BRDA:138,28,0,0
BRDA:138,28,1,0
BRDA:140,29,0,0
BRDA:140,29,1,0
BRDA:150,30,0,0
BRDA:150,30,1,0
BRDA:151,31,0,0
BRDA:151,31,1,0
BRDA:152,32,0,0
BRDA:152,32,1,0
BRF:67
BRH:0
end_of_record
TN:
SF:src\lib\email\send.ts
FN:7,isEmailConfigured
FN:20,sendEmail
FN:45,appUrl
FN:46,unsubscribeUrl
FN:53,verifyUnsubToken
FNF:5
FNH:0
FNDA:0,isEmailConfigured
FNDA:0,sendEmail
FNDA:0,appUrl
FNDA:0,unsubscribeUrl
FNDA:0,verifyUnsubToken
DA:3,0
DA:4,0
DA:5,0
DA:8,0
DA:21,0
DA:22,0
DA:24,0
DA:25,0
DA:27,0
DA:28,0
DA:29,0
DA:38,0
DA:39,0
DA:41,0
DA:45,0
DA:48,0
DA:49,0
DA:50,0
DA:54,0
DA:55,0
DA:56,0
DA:57,0
DA:58,0
DA:59,0
DA:60,0
DA:61,0
LF:26
LH:0
BRDA:3,0,0,0
BRDA:3,0,1,0
BRDA:4,1,0,0
BRDA:4,1,1,0
BRDA:5,2,0,0
BRDA:5,2,1,0
BRDA:22,3,0,0
BRDA:22,3,1,0
BRDA:30,4,0,0
BRDA:30,4,1,0
BRDA:36,5,0,0
BRDA:36,5,1,0
BRDA:38,6,0,0
BRDA:38,6,1,0
BRDA:45,7,0,0
BRDA:48,8,0,0
BRDA:48,8,1,0
BRDA:57,9,0,0
BRDA:57,9,1,0
BRDA:58,10,0,0
BRDA:58,10,1,0
BRDA:59,11,0,0
BRDA:59,11,1,0
BRF:23
BRH:0
end_of_record
TN:
SF:src\lib\email\templates.ts
FN:4,shell
FN:32,welcomeEmail
FN:59,waitlistEmail
FN:83,trialEndingEmail
FN:107,weeklyDigestEmail
FN:108,(anonymous_5)
FNF:6
FNH:0
FNDA:0,shell
FNDA:0,welcomeEmail
FNDA:0,waitlistEmail
FNDA:0,trialEndingEmail
FNDA:0,weeklyDigestEmail
FNDA:0,(anonymous_5)
DA:5,0
DA:6,0
DA:33,0
DA:34,0
DA:51,0
DA:60,0
DA:75,0
DA:84,0
DA:99,0
DA:108,0
DA:117,0
DA:128,0
LF:12
LH:0
BRDA:5,0,0,0
BRDA:5,0,1,0
BRDA:32,1,0,0
BRDA:33,2,0,0
BRDA:33,2,1,0
BRDA:33,2,2,0
BRDA:33,3,0,0
BRDA:33,3,1,0
BRDA:34,4,0,0
BRDA:34,4,1,0
BRDA:52,5,0,0
BRDA:52,5,1,0
BRDA:59,6,0,0
BRDA:60,7,0,0
BRDA:60,7,1,0
BRDA:76,8,0,0
BRDA:76,8,1,0
BRDA:83,9,0,0
BRDA:84,10,0,0
BRDA:84,10,1,0
BRDA:85,11,0,0
BRDA:85,11,1,0
BRDA:92,12,0,0
BRDA:92,12,1,0
BRDA:100,13,0,0
BRDA:100,13,1,0
BRDA:100,14,0,0
BRDA:100,14,1,0
BRDA:100,15,0,0
BRDA:100,15,1,0
BRDA:107,16,0,0
BRDA:110,17,0,0
BRDA:110,17,1,0
BRDA:113,18,0,0
BRDA:113,18,1,0
BRDA:117,19,0,0
BRDA:117,19,1,0
BRDA:129,20,0,0
BRDA:129,20,1,0
BRF:39
BRH:0
end_of_record
TN:
SF:src\lib\itinerary\ai-operations.ts
FN:27,validateOps
FN:29,(anonymous_1)
FN:30,(anonymous_2)
FN:102,opLabel
FN:103,(anonymous_4)
FN:103,(anonymous_5)
FN:104,(anonymous_6)
FN:104,(anonymous_7)
FN:105,(anonymous_8)
FNF:9
FNH:0
FNDA:0,validateOps
FNDA:0,(anonymous_1)
FNDA:0,(anonymous_2)
FNDA:0,opLabel
FNDA:0,(anonymous_4)
FNDA:0,(anonymous_5)
FNDA:0,(anonymous_6)
FNDA:0,(anonymous_7)
FNDA:0,(anonymous_8)
DA:19,0
DA:23,0
DA:24,0
DA:28,0
DA:29,0
DA:30,0
DA:31,0
DA:33,0
DA:34,0
DA:35,0
DA:36,0
DA:37,0
DA:38,0
DA:40,0
DA:41,0
DA:42,0
DA:43,0
DA:44,0
DA:45,0
DA:46,0
DA:47,0
DA:48,0
DA:49,0
DA:50,0
DA:51,0
DA:52,0
DA:53,0
DA:54,0
DA:55,0
DA:56,0
DA:57,0
DA:58,0
DA:59,0
DA:60,0
DA:61,0
DA:62,0
DA:63,0
DA:64,0
DA:65,0
DA:66,0
DA:67,0
DA:68,0
DA:69,0
DA:70,0
DA:71,0
DA:72,0
DA:73,0
DA:74,0
DA:75,0
DA:76,0
DA:77,0
DA:78,0
DA:79,0
DA:80,0
DA:81,0
DA:82,0
DA:83,0
DA:84,0
DA:85,0
DA:86,0
DA:87,0
DA:88,0
DA:89,0
DA:90,0
DA:91,0
DA:92,0
DA:93,0
DA:98,0
DA:103,0
DA:104,0
DA:105,0
DA:106,0
DA:107,0
DA:108,0
DA:111,0
DA:113,0
DA:114,0
DA:119,0
DA:120,0
DA:125,0
DA:126,0
DA:131,0
DA:135,0
DA:136,0
DA:139,0
DA:140,0
DA:143,0
DA:144,0
DA:147,0
DA:148,0
DA:151,0
DA:153,0
LF:92
LH:0
BRDA:28,0,0,0
BRDA:28,0,1,0
BRDA:34,1,0,0
BRDA:34,1,1,0
BRDA:34,2,0,0
BRDA:34,2,1,0
BRDA:36,3,0,0
BRDA:36,3,1,0
BRDA:37,4,0,0
BRDA:37,4,1,0
BRDA:38,5,0,0
BRDA:38,5,1,0
BRDA:40,6,0,0
BRDA:40,6,1,0
BRDA:42,7,0,0
BRDA:42,7,1,0
BRDA:43,8,0,0
BRDA:43,8,1,0
BRDA:44,9,0,0
BRDA:44,9,1,0
BRDA:44,10,0,0
BRDA:44,10,1,0
BRDA:46,11,0,0
BRDA:46,11,1,0
BRDA:48,12,0,0
BRDA:48,12,1,0
BRDA:49,13,0,0
BRDA:49,13,1,0
BRDA:50,14,0,0
BRDA:50,14,1,0
BRDA:50,15,0,0
BRDA:50,15,1,0
BRDA:52,16,0,0
BRDA:52,16,1,0
BRDA:54,17,0,0
BRDA:54,17,1,0
BRDA:55,18,0,0
BRDA:55,18,1,0
BRDA:56,19,0,0
BRDA:56,19,1,0
BRDA:56,20,0,0
BRDA:56,20,1,0
BRDA:56,20,2,0
BRDA:56,20,3,0
BRDA:58,21,0,0
BRDA:58,21,1,0
BRDA:59,22,0,0
BRDA:59,22,1,0
BRDA:60,23,0,0
BRDA:60,23,1,0
BRDA:61,24,0,0
BRDA:61,24,1,0
BRDA:62,25,0,0
BRDA:62,25,1,0
BRDA:62,26,0,0
BRDA:62,26,1,0
BRDA:63,27,0,0
BRDA:63,27,1,0
BRDA:63,28,0,0
BRDA:63,28,1,0
BRDA:64,29,0,0
BRDA:64,29,1,0
BRDA:65,30,0,0
BRDA:65,30,1,0
BRDA:67,31,0,0
BRDA:67,31,1,0
BRDA:69,32,0,0
BRDA:69,32,1,0
BRDA:71,33,0,0
BRDA:71,33,1,0
BRDA:74,34,0,0
BRDA:74,34,1,0
BRDA:74,35,0,0
BRDA:74,35,1,0
BRDA:76,36,0,0
BRDA:76,36,1,0
BRDA:78,37,0,0
BRDA:78,37,1,0
BRDA:80,38,0,0
BRDA:80,38,1,0
BRDA:82,39,0,0
BRDA:82,39,1,0
BRDA:83,40,0,0
BRDA:83,40,1,0
BRDA:85,41,0,0
BRDA:85,41,1,0
BRDA:87,42,0,0
BRDA:87,42,1,0
BRDA:89,43,0,0
BRDA:89,43,1,0
BRDA:91,44,0,0
BRDA:91,44,1,0
BRDA:92,45,0,0
BRDA:92,45,1,0
BRDA:104,46,0,0
BRDA:104,46,1,0
BRDA:107,47,0,0
BRDA:107,47,1,0
BRDA:107,48,0,0
BRDA:107,48,1,0
BRDA:108,49,0,0
BRDA:108,49,1,0
BRDA:108,50,0,0
BRDA:108,50,1,0
BRDA:108,51,0,0
BRDA:108,51,1,0
BRDA:111,52,0,0
BRDA:111,52,1,0
BRDA:111,52,2,0
BRDA:111,52,3,0
BRDA:111,52,4,0
BRDA:111,52,5,0
BRDA:111,52,6,0
BRDA:111,52,7,0
BRDA:111,52,8,0
BRDA:111,52,9,0
BRDA:114,53,0,0
BRDA:114,53,1,0
BRDA:115,54,0,0
BRDA:115,54,1,0
BRDA:116,55,0,0
BRDA:116,55,1,0
BRDA:120,56,0,0
BRDA:120,56,1,0
BRDA:121,57,0,0
BRDA:121,57,1,0
BRDA:121,58,0,0
BRDA:121,58,1,0
BRDA:122,59,0,0
BRDA:122,59,1,0
BRDA:122,60,0,0
BRDA:122,60,1,0
BRDA:126,61,0,0
BRDA:126,61,1,0
BRDA:127,62,0,0
BRDA:127,62,1,0
BRDA:127,63,0,0
BRDA:127,63,1,0
BRDA:128,64,0,0
BRDA:128,64,1,0
BRDA:128,65,0,0
BRDA:128,65,1,0
BRDA:131,66,0,0
BRDA:131,66,1,0
BRDA:132,67,0,0
BRDA:132,67,1,0
BRDA:132,68,0,0
BRDA:132,68,1,0
BRDA:132,69,0,0
BRDA:132,69,1,0
BRDA:133,70,0,0
BRDA:133,70,1,0
BRDA:133,71,0,0
BRDA:133,71,1,0
BRDA:133,72,0,0
BRDA:133,72,1,0
BRDA:136,73,0,0
BRDA:136,73,1,0
BRDA:136,74,0,0
BRDA:136,74,1,0
BRDA:136,75,0,0
BRDA:136,75,1,0
BRDA:140,76,0,0
BRDA:140,76,1,0
BRDA:140,77,0,0
BRDA:140,77,1,0
BRDA:140,78,0,0
BRDA:140,78,1,0
BRDA:144,79,0,0
BRDA:144,79,1,0
BRDA:144,80,0,0
BRDA:144,80,1,0
BRDA:144,81,0,0
BRDA:144,81,1,0
BRDA:144,82,0,0
BRDA:144,82,1,0
BRDA:144,83,0,0
BRDA:144,83,1,0
BRDA:148,84,0,0
BRDA:148,84,1,0
BRDA:148,85,0,0
BRDA:148,85,1,0
BRDA:148,86,0,0
BRDA:148,86,1,0
BRDA:151,87,0,0
BRDA:151,87,1,0
BRDA:153,88,0,0
BRDA:153,88,1,0
BRF:188
BRH:0
end_of_record
TN:
SF:src\lib\itinerary\analytics.ts
FN:5,getSessionId
FN:21,trackItinerary
FN:34,(anonymous_2)
FNF:3
FNH:0
FNDA:0,getSessionId
FNDA:0,trackItinerary
FNDA:0,(anonymous_2)
DA:3,0
DA:6,0
DA:7,0
DA:8,0
DA:9,0
DA:10,0
DA:12,0
DA:22,0
DA:23,0
DA:24,0
DA:25,0
DA:26,0
DA:27,0
DA:29,0
LF:14
LH:0
BRDA:6,0,0,0
BRDA:6,0,1,0
BRDA:8,1,0,0
BRDA:8,1,1,0
BRDA:22,2,0,0
BRDA:22,2,1,0
BRDA:25,3,0,0
BRDA:25,3,1,0
BRF:8
BRH:0
end_of_record
TN:
SF:src\lib\itinerary\offline-queue.ts
FN:16,readQueue
FN:21,writeQueue
FN:26,enqueue
FN:34,queueLength
FN:38,clearQueue
FN:42,flushQueue
FN:76,fetchOrQueue
FN:89,(anonymous_7)
FNF:8
FNH:0
FNDA:0,readQueue
FNDA:0,writeQueue
FNDA:0,enqueue
FNDA:0,queueLength
FNDA:0,clearQueue
FNDA:0,flushQueue
FNDA:0,fetchOrQueue
FNDA:0,(anonymous_7)
DA:14,0
DA:17,0
DA:18,0
DA:22,0
DA:23,0
DA:27,0
DA:28,0
DA:29,0
DA:30,0
DA:31,0
DA:35,0
DA:39,0
DA:43,0
DA:44,0
DA:45,0
DA:46,0
DA:47,0
DA:49,0
DA:50,0
DA:51,0
DA:57,0
DA:59,0
DA:61,0
DA:62,0
DA:64,0
DA:65,0
DA:68,0
DA:71,0
DA:72,0
DA:77,0
DA:78,0
DA:79,0
DA:80,0
DA:82,0
DA:83,0
DA:89,0
DA:90,0
DA:92,0
DA:93,0
DA:95,0
DA:98,0
DA:99,0
LF:42
LH:0
BRDA:17,0,0,0
BRDA:17,0,1,0
BRDA:18,1,0,0
BRDA:18,1,1,0
BRDA:22,2,0,0
BRDA:22,2,1,0
BRDA:44,3,0,0
BRDA:44,3,1,0
BRDA:53,4,0,0
BRDA:53,4,1,0
BRDA:54,5,0,0
BRDA:54,5,1,0
BRDA:57,6,0,0
BRDA:57,6,1,0
BRDA:59,7,0,0
BRDA:59,7,1,0
BRDA:59,8,0,0
BRDA:59,8,1,0
BRDA:68,9,0,0
BRDA:68,9,1,0
BRDA:77,10,0,0
BRDA:77,10,1,0
BRDA:78,11,0,0
BRDA:78,11,1,0
BRDA:85,12,0,0
BRDA:85,12,1,0
BRDA:86,13,0,0
BRDA:86,13,1,0
BRDA:90,14,0,0
BRDA:90,14,1,0
BRDA:93,15,0,0
BRDA:93,15,1,0
BRDA:93,16,0,0
BRDA:93,16,1,0
BRDA:93,16,2,0
BRF:35
BRH:0
end_of_record
TN:
SF:src\lib\itinerary\opening-hours.ts
FN:15,checkVisitHours
FN:32,(anonymous_1)
FN:65,formatCloseTime
FN:72,dayOfWeekFromDate
FNF:4
FNH:0
FNDA:0,checkVisitHours
FNDA:0,(anonymous_1)
FNDA:0,formatCloseTime
FNDA:0,dayOfWeekFromDate
DA:27,0
DA:28,0
DA:32,0
DA:33,0
DA:34,0
DA:37,0
DA:38,0
DA:41,0
DA:42,0
DA:43,0
DA:44,0
DA:46,0
DA:49,0
DA:50,0
DA:51,0
DA:61,0
DA:66,0
DA:67,0
DA:68,0
DA:73,0
DA:74,0
LF:21
LH:0
BRDA:27,0,0,0
BRDA:27,0,1,0
BRDA:27,1,0,0
BRDA:27,1,1,0
BRDA:33,2,0,0
BRDA:33,2,1,0
BRDA:41,3,0,0
BRDA:41,3,1,0
BRDA:43,4,0,0
BRDA:43,4,1,0
BRDA:49,5,0,0
BRDA:49,5,1,0
BRDA:49,6,0,0
BRDA:49,6,1,0
BRDA:73,7,0,0
BRDA:73,7,1,0
BRF:16
BRH:0
end_of_record
TN:
SF:src\lib\itinerary\positions.ts
FN:10,positionForAppend
FN:12,(anonymous_1)
FN:17,positionForInsertBefore
FN:18,(anonymous_3)
FN:19,(anonymous_4)
FN:26,needsRenormalize
FN:27,(anonymous_6)
FN:35,localReorder
FN:36,(anonymous_8)
FN:37,(anonymous_9)
FN:38,(anonymous_10)
FN:43,(anonymous_11)
FNF:12
FNH:0
FNDA:0,positionForAppend
FNDA:0,(anonymous_1)
FNDA:0,positionForInsertBefore
FNDA:0,(anonymous_3)
FNDA:0,(anonymous_4)
FNDA:0,needsRenormalize
FNDA:0,(anonymous_6)
FNDA:0,localReorder
FNDA:0,(anonymous_8)
FNDA:0,(anonymous_9)
FNDA:0,(anonymous_10)
FNDA:0,(anonymous_11)
DA:7,0
DA:11,0
DA:12,0
DA:13,0
DA:18,0
DA:19,0
DA:20,0
DA:21,0
DA:22,0
DA:27,0
DA:28,0
DA:29,0
DA:31,0
DA:36,0
DA:37,0
DA:38,0
DA:39,0
DA:40,0
DA:41,0
DA:43,0
LF:20
LH:0
BRDA:11,0,0,0
BRDA:11,0,1,0
BRDA:20,1,0,0
BRDA:20,1,1,0
BRDA:21,2,0,0
BRDA:21,2,1,0
BRDA:29,3,0,0
BRDA:29,3,1,0
BRDA:39,4,0,0
BRDA:39,4,1,0
BRDA:39,5,0,0
BRDA:39,5,1,0
BRDA:39,5,2,0
BRF:13
BRH:0
end_of_record
TN:
SF:src\lib\itinerary\scheduler.ts
FN:13,estimateTravelMin
FN:23,scheduleDay
FN:25,(anonymous_2)
FN:59,optimizeDay
FN:60,(anonymous_4)
FN:63,(anonymous_5)
FN:66,(anonymous_6)
FN:66,(anonymous_7)
FN:71,(anonymous_8)
FN:96,(anonymous_9)
FN:99,greedyNearestNeighbor
FN:116,greedyNearestNeighborFrom
FNF:12
FNH:0
FNDA:0,estimateTravelMin
FNDA:0,scheduleDay
FNDA:0,(anonymous_2)
FNDA:0,optimizeDay
FNDA:0,(anonymous_4)
FNDA:0,(anonymous_5)
FNDA:0,(anonymous_6)
FNDA:0,(anonymous_7)
FNDA:0,(anonymous_8)
FNDA:0,(anonymous_9)
FNDA:0,greedyNearestNeighbor
FNDA:0,greedyNearestNeighborFrom
DA:7,0
DA:8,0
DA:9,0
DA:10,0
DA:14,0
DA:15,0
DA:16,0
DA:17,0
DA:18,0
DA:24,0
DA:25,0
DA:26,0
DA:28,0
DA:29,0
DA:31,0
DA:32,0
DA:34,0
DA:36,0
DA:37,0
DA:39,0
DA:40,0
DA:43,0
DA:47,0
DA:48,0
DA:49,0
DA:50,0
DA:53,0
DA:60,0
DA:61,0
DA:63,0
DA:66,0
DA:69,0
DA:70,0
DA:71,0
DA:75,0
DA:76,0
DA:77,0
DA:79,0
DA:80,0
DA:81,0
DA:82,0
DA:83,0
DA:84,0
DA:86,0
DA:89,0
DA:90,0
DA:91,0
DA:92,0
DA:93,0
DA:96,0
DA:100,0
DA:101,0
DA:102,0
DA:103,0
DA:104,0
DA:105,0
DA:106,0
DA:107,0
DA:108,0
DA:109,0
DA:111,0
DA:113,0
DA:117,0
DA:118,0
DA:119,0
DA:120,0
DA:121,0
DA:122,0
DA:123,0
DA:124,0
DA:125,0
DA:126,0
DA:127,0
DA:129,0
DA:130,0
DA:131,0
DA:133,0
LF:77
LH:0
BRDA:14,0,0,0
BRDA:14,0,1,0
BRDA:14,1,0,0
BRDA:14,1,1,0
BRDA:14,1,2,0
BRDA:14,1,3,0
BRDA:16,2,0,0
BRDA:16,2,1,0
BRDA:17,3,0,0
BRDA:17,3,1,0
BRDA:24,4,0,0
BRDA:24,4,1,0
BRDA:26,5,0,0
BRDA:26,5,1,0
BRDA:34,6,0,0
BRDA:34,6,1,0
BRDA:34,7,0,0
BRDA:34,7,1,0
BRDA:36,8,0,0
BRDA:36,8,1,0
BRDA:37,9,0,0
BRDA:37,9,1,0
BRDA:39,10,0,0
BRDA:39,10,1,0
BRDA:43,11,0,0
BRDA:43,11,1,0
BRDA:47,12,0,0
BRDA:47,12,1,0
BRDA:48,13,0,0
BRDA:48,13,1,0
BRDA:60,14,0,0
BRDA:60,14,1,0
BRDA:61,15,0,0
BRDA:61,15,1,0
BRDA:66,16,0,0
BRDA:66,16,1,0
BRDA:66,17,0,0
BRDA:66,17,1,0
BRDA:69,18,0,0
BRDA:69,18,1,0
BRDA:80,19,0,0
BRDA:80,19,1,0
BRDA:81,20,0,0
BRDA:81,20,1,0
BRDA:82,21,0,0
BRDA:82,21,1,0
BRDA:91,22,0,0
BRDA:91,22,1,0
BRDA:100,23,0,0
BRDA:100,23,1,0
BRDA:109,24,0,0
BRDA:109,24,1,0
BRDA:117,25,0,0
BRDA:117,25,1,0
BRDA:117,26,0,0
BRDA:117,26,1,0
BRDA:117,26,2,0
BRDA:125,27,0,0
BRDA:125,27,1,0
BRDA:125,28,0,0
BRDA:125,28,1,0
BRDA:127,29,0,0
BRDA:127,29,1,0
BRDA:131,30,0,0
BRDA:131,30,1,0
BRDA:131,31,0,0
BRDA:131,31,1,0
BRF:67
BRH:0
end_of_record
TN:
SF:src\lib\itinerary\time.ts
FN:4,parseTimeToMin
FN:15,formatMinToHHMM
FN:22,formatDurationMin
FN:30,computeEndLocal
FN:37,formatDateHuman
FN:46,formatWeekday
FN:53,formatDay
FN:59,isToday
FN:67,addDaysISO
FNF:9
FNH:0
FNDA:0,parseTimeToMin
FNDA:0,formatMinToHHMM
FNDA:0,formatDurationMin
FNDA:0,computeEndLocal
FNDA:0,formatDateHuman
FNDA:0,formatWeekday
FNDA:0,formatDay
FNDA:0,isToday
FNDA:0,addDaysISO
DA:5,0
DA:6,0
DA:7,0
DA:8,0
DA:9,0
DA:10,0
DA:11,0
DA:16,0
DA:17,0
DA:18,0
DA:23,0
DA:24,0
DA:25,0
DA:26,0
DA:31,0
DA:32,0
DA:33,0
DA:38,0
DA:39,0
DA:40,0
DA:47,0
DA:48,0
DA:49,0
DA:54,0
DA:55,0
DA:60,0
DA:61,0
DA:62,0
DA:63,0
DA:68,0
DA:69,0
DA:70,0
LF:32
LH:0
BRDA:5,0,0,0
BRDA:5,0,1,0
BRDA:7,1,0,0
BRDA:7,1,1,0
BRDA:10,2,0,0
BRDA:10,2,1,0
BRDA:10,3,0,0
BRDA:10,3,1,0
BRDA:10,3,2,0
BRDA:10,3,3,0
BRDA:22,4,0,0
BRDA:23,5,0,0
BRDA:23,5,1,0
BRDA:26,6,0,0
BRDA:26,6,1,0
BRDA:26,7,0,0
BRDA:26,7,1,0
BRDA:32,8,0,0
BRDA:32,8,1,0
BRDA:32,9,0,0
BRDA:32,9,1,0
BRDA:38,10,0,0
BRDA:38,10,1,0
BRDA:40,11,0,0
BRDA:40,11,1,0
BRDA:47,12,0,0
BRDA:47,12,1,0
BRDA:49,13,0,0
BRDA:49,13,1,0
BRDA:54,14,0,0
BRDA:54,14,1,0
BRDA:60,15,0,0
BRDA:60,15,1,0
BRF:33
BRH:0
end_of_record
TN:
SF:src\lib\itinerary\types.ts
FNF:0
FNH:0
LF:0
LH:0
BRF:0
BRH:0
end_of_record
TN:
SF:src\lib\itinerary\use-itinerary-realtime.ts
FN:20,useItineraryRealtime
FN:25,(anonymous_1)
FN:36,(anonymous_2)
FN:45,(anonymous_3)
FN:53,(anonymous_4)
FN:67,(anonymous_5)
FN:80,(anonymous_6)
FNF:7
FNH:0
FNDA:0,useItineraryRealtime
FNDA:0,(anonymous_1)
FNDA:0,(anonymous_2)
FNDA:0,(anonymous_3)
FNDA:0,(anonymous_4)
FNDA:0,(anonymous_5)
FNDA:0,(anonymous_6)
DA:1,0
DA:11,0
DA:21,0
DA:22,0
DA:25,0
DA:26,0
DA:28,0
DA:29,0
DA:30,0
DA:31,0
DA:36,0
DA:37,0
DA:38,0
DA:39,0
DA:40,0
DA:41,0
DA:42,0
DA:45,0
DA:46,0
DA:47,0
DA:48,0
DA:50,0
DA:54,0
DA:55,0
DA:56,0
DA:57,0
DA:58,0
DA:64,0
DA:68,0
DA:69,0
DA:70,0
DA:71,0
DA:72,0
DA:78,0
DA:79,0
DA:80,0
DA:81,0
DA:82,0
DA:83,0
DA:88,0
LF:40
LH:0
BRDA:28,0,0,0
BRDA:28,0,1,0
BRDA:31,1,0,0
BRDA:31,1,1,0
BRDA:39,2,0,0
BRDA:39,2,1,0
BRDA:41,3,0,0
BRDA:41,3,1,0
BRDA:46,4,0,0
BRDA:46,4,1,0
BRDA:46,5,0,0
BRDA:46,5,1,0
BRDA:54,6,0,0
BRDA:54,6,1,0
BRDA:55,7,0,0
BRDA:55,7,1,0
BRDA:56,8,0,0
BRDA:56,8,1,0
BRDA:57,9,0,0
BRDA:57,9,1,0
BRDA:57,10,0,0
BRDA:57,10,1,0
BRDA:68,11,0,0
BRDA:68,11,1,0
BRDA:69,12,0,0
BRDA:69,12,1,0
BRDA:70,13,0,0
BRDA:70,13,1,0
BRDA:71,14,0,0
BRDA:71,14,1,0
BRDA:71,15,0,0
BRDA:71,15,1,0
BRF:32
BRH:0
end_of_record
TN:
SF:src\lib\itinerary\validate.ts
FN:8,haversineKm
FN:18,estimateTravelMin
FN:24,validateDay
FN:28,(anonymous_3)
FN:29,(anonymous_4)
FN:30,(anonymous_5)
FN:79,(anonymous_6)
FN:117,computeDayTotals
FN:121,(anonymous_8)
FNF:9
FNH:0
FNDA:0,haversineKm
FNDA:0,estimateTravelMin
FNDA:0,validateDay
FNDA:0,(anonymous_3)
FNDA:0,(anonymous_4)
FNDA:0,(anonymous_5)
FNDA:0,(anonymous_6)
FNDA:0,computeDayTotals
FNDA:0,(anonymous_8)
DA:9,0
DA:10,0
DA:11,0
DA:12,0
DA:13,0
DA:14,0
DA:19,0
DA:20,0
DA:21,0
DA:25,0
DA:26,0
DA:27,0
DA:28,0
DA:29,0
DA:30,0
DA:33,0
DA:34,0
DA:35,0
DA:36,0
DA:37,0
DA:47,0
DA:48,0
DA:49,0
DA:50,0
DA:51,0
DA:52,0
DA:53,0
DA:54,0
DA:55,0
DA:62,0
DA:63,0
DA:74,0
DA:75,0
DA:79,0
DA:84,0
DA:85,0
DA:86,0
DA:87,0
DA:88,0
DA:89,0
DA:95,0
DA:96,0
DA:102,0
DA:103,0
DA:113,0
DA:118,0
DA:119,0
DA:120,0
DA:121,0
DA:122,0
DA:123,0
DA:124,0
DA:125,0
DA:126,0
DA:127,0
DA:128,0
DA:129,0
DA:130,0
DA:134,0
LF:59
LH:0
BRDA:19,0,0,0
BRDA:19,0,1,0
BRDA:20,1,0,0
BRDA:20,1,1,0
BRDA:26,2,0,0
BRDA:26,2,1,0
BRDA:29,3,0,0
BRDA:29,3,1,0
BRDA:36,4,0,0
BRDA:36,4,1,0
BRDA:50,5,0,0
BRDA:50,5,1,0
BRDA:50,6,0,0
BRDA:50,6,1,0
BRDA:50,6,2,0
BRDA:50,6,3,0
BRDA:54,7,0,0
BRDA:54,7,1,0
BRDA:54,8,0,0
BRDA:54,8,1,0
BRDA:62,9,0,0
BRDA:62,9,1,0
BRDA:74,10,0,0
BRDA:74,10,1,0
BRDA:84,11,0,0
BRDA:84,11,1,0
BRDA:86,12,0,0
BRDA:86,12,1,0
BRDA:88,13,0,0
BRDA:88,13,1,0
BRDA:95,14,0,0
BRDA:95,14,1,0
BRDA:95,15,0,0
BRDA:95,15,1,0
BRDA:102,16,0,0
BRDA:102,16,1,0
BRDA:102,17,0,0
BRDA:102,17,1,0
BRDA:106,18,0,0
BRDA:106,18,1,0
BRDA:123,19,0,0
BRDA:123,19,1,0
BRDA:124,20,0,0
BRDA:124,20,1,0
BRDA:127,21,0,0
BRDA:127,21,1,0
BRDA:127,22,0,0
BRDA:127,22,1,0
BRDA:127,22,2,0
BRDA:127,22,3,0
BRF:50
BRH:0
end_of_record
